src/features/analytics/components/AnalyticsDashboard.test.tsx(156,3): error TS2304: Cannot find name 'beforeEach'.
src/features/analytics/components/AnalyticsDashboard.tsx(73,57): error TS2345: Argument of type '"md"' is not assignable to parameter of type 'number | Breakpoint'.
src/features/analytics/components/AnalyticsDashboard.tsx(231,10): error TS2769: No overload matches this call.
  Overload 1 of 2, '(props: { component: ElementType<any, keyof IntrinsicElements>; } & GridOwnProps & CommonProps & Omit<any, "mobile" | ... 123 more ... | "zeroMinWidth">): Element | null', gave the following error.
    Property 'component' is missing in type '{ children: Element; item: true; xs: number; sm: number; }' but required in type '{ component: ElementType<any, keyof IntrinsicElements>; }'.
  Overload 2 of 2, '(props: DefaultComponentProps<GridTypeMap<{}, "div">>): Element | null', gave the following error.
    Type '{ children: Element; item: true; xs: number; sm: number; }' is not assignable to type 'IntrinsicAttributes & GridOwnProps & CommonProps & Omit<Omit<DetailedHTMLProps<HTMLAttributes<HTMLDivElement>, HTMLDivElement>, "ref"> & { ...; }, "mobile" | ... 123 more ... | "zeroMinWidth">'.
      Property 'xs' does not exist on type 'IntrinsicAttributes & GridOwnProps & CommonProps & Omit<Omit<DetailedHTMLProps<HTMLAttributes<HTMLDivElement>, HTMLDivElement>, "ref"> & { ...; }, "mobile" | ... 123 more ... | "zeroMinWidth">'.
src/features/analytics/components/AnalyticsDashboard.tsx(240,10): error TS2769: No overload matches this call.
  Overload 1 of 2, '(props: { component: ElementType<any, keyof IntrinsicElements>; } & GridOwnProps & CommonProps & Omit<any, "mobile" | ... 123 more ... | "zeroMinWidth">): Element | null', gave the following error.
    Property 'component' is missing in type '{ children: Element; item: true; xs: number; sm: number; }' but required in type '{ component: ElementType<any, keyof IntrinsicElements>; }'.
  Overload 2 of 2, '(props: DefaultComponentProps<GridTypeMap<{}, "div">>): Element | null', gave the following error.
    Type '{ children: Element; item: true; xs: number; sm: number; }' is not assignable to type 'IntrinsicAttributes & GridOwnProps & CommonProps & Omit<Omit<DetailedHTMLProps<HTMLAttributes<HTMLDivElement>, HTMLDivElement>, "ref"> & { ...; }, "mobile" | ... 123 more ... | "zeroMinWidth">'.
      Property 'xs' does not exist on type 'IntrinsicAttributes & GridOwnProps & CommonProps & Omit<Omit<DetailedHTMLProps<HTMLAttributes<HTMLDivElement>, HTMLDivElement>, "ref"> & { ...; }, "mobile" | ... 123 more ... | "zeroMinWidth">'.
src/features/analytics/components/AnalyticsDashboard.tsx(249,10): error TS2769: No overload matches this call.
  Overload 1 of 2, '(props: { component: ElementType<any, keyof IntrinsicElements>; } & GridOwnProps & CommonProps & Omit<any, "mobile" | ... 123 more ... | "zeroMinWidth">): Element | null', gave the following error.
    Property 'component' is missing in type '{ children: Element; item: true; xs: number; sm: number; }' but required in type '{ component: ElementType<any, keyof IntrinsicElements>; }'.
  Overload 2 of 2, '(props: DefaultComponentProps<GridTypeMap<{}, "div">>): Element | null', gave the following error.
    Type '{ children: Element; item: true; xs: number; sm: number; }' is not assignable to type 'IntrinsicAttributes & GridOwnProps & CommonProps & Omit<Omit<DetailedHTMLProps<HTMLAttributes<HTMLDivElement>, HTMLDivElement>, "ref"> & { ...; }, "mobile" | ... 123 more ... | "zeroMinWidth">'.
      Property 'xs' does not exist on type 'IntrinsicAttributes & GridOwnProps & CommonProps & Omit<Omit<DetailedHTMLProps<HTMLAttributes<HTMLDivElement>, HTMLDivElement>, "ref"> & { ...; }, "mobile" | ... 123 more ... | "zeroMinWidth">'.
src/features/analytics/components/AnalyticsDashboard.tsx(258,10): error TS2769: No overload matches this call.
  Overload 1 of 2, '(props: { component: ElementType<any, keyof IntrinsicElements>; } & GridOwnProps & CommonProps & Omit<any, "mobile" | ... 123 more ... | "zeroMinWidth">): Element | null', gave the following error.
    Property 'component' is missing in type '{ children: Element; item: true; xs: number; sm: number; }' but required in type '{ component: ElementType<any, keyof IntrinsicElements>; }'.
  Overload 2 of 2, '(props: DefaultComponentProps<GridTypeMap<{}, "div">>): Element | null', gave the following error.
    Type '{ children: Element; item: true; xs: number; sm: number; }' is not assignable to type 'IntrinsicAttributes & GridOwnProps & CommonProps & Omit<Omit<DetailedHTMLProps<HTMLAttributes<HTMLDivElement>, HTMLDivElement>, "ref"> & { ...; }, "mobile" | ... 123 more ... | "zeroMinWidth">'.
      Property 'xs' does not exist on type 'IntrinsicAttributes & GridOwnProps & CommonProps & Omit<Omit<DetailedHTMLProps<HTMLAttributes<HTMLDivElement>, HTMLDivElement>, "ref"> & { ...; }, "mobile" | ... 123 more ... | "zeroMinWidth">'.
src/features/analytics/components/AnalyticsDashboard.tsx(271,10): error TS2769: No overload matches this call.
  Overload 1 of 2, '(props: { component: ElementType<any, keyof IntrinsicElements>; } & GridOwnProps & CommonProps & Omit<any, "mobile" | ... 123 more ... | "zeroMinWidth">): Element | null', gave the following error.
    Property 'component' is missing in type '{ children: Element; item: true; xs: number; lg: number; }' but required in type '{ component: ElementType<any, keyof IntrinsicElements>; }'.
  Overload 2 of 2, '(props: DefaultComponentProps<GridTypeMap<{}, "div">>): Element | null', gave the following error.
    Type '{ children: Element; item: true; xs: number; lg: number; }' is not assignable to type 'IntrinsicAttributes & GridOwnProps & CommonProps & Omit<Omit<DetailedHTMLProps<HTMLAttributes<HTMLDivElement>, HTMLDivElement>, "ref"> & { ...; }, "mobile" | ... 123 more ... | "zeroMinWidth">'.
      Property 'xs' does not exist on type 'IntrinsicAttributes & GridOwnProps & CommonProps & Omit<Omit<DetailedHTMLProps<HTMLAttributes<HTMLDivElement>, HTMLDivElement>, "ref"> & { ...; }, "mobile" | ... 123 more ... | "zeroMinWidth">'.
src/features/analytics/components/AnalyticsDashboard.tsx(280,10): error TS2769: No overload matches this call.
  Overload 1 of 2, '(props: { component: ElementType<any, keyof IntrinsicElements>; } & GridOwnProps & CommonProps & Omit<any, "mobile" | ... 123 more ... | "zeroMinWidth">): Element | null', gave the following error.
    Property 'component' is missing in type '{ children: Element; item: true; xs: number; lg: number; }' but required in type '{ component: ElementType<any, keyof IntrinsicElements>; }'.
  Overload 2 of 2, '(props: DefaultComponentProps<GridTypeMap<{}, "div">>): Element | null', gave the following error.
    Type '{ children: Element; item: true; xs: number; lg: number; }' is not assignable to type 'IntrinsicAttributes & GridOwnProps & CommonProps & Omit<Omit<DetailedHTMLProps<HTMLAttributes<HTMLDivElement>, HTMLDivElement>, "ref"> & { ...; }, "mobile" | ... 123 more ... | "zeroMinWidth">'.
      Property 'xs' does not exist on type 'IntrinsicAttributes & GridOwnProps & CommonProps & Omit<Omit<DetailedHTMLProps<HTMLAttributes<HTMLDivElement>, HTMLDivElement>, "ref"> & { ...; }, "mobile" | ... 123 more ... | "zeroMinWidth">'.
src/features/analytics/components/AnalyticsDashboard.tsx(284,16): error TS2769: No overload matches this call.
  Overload 1 of 2, '(props: { component: ElementType<any, keyof IntrinsicElements>; } & GridOwnProps & CommonProps & Omit<any, "mobile" | ... 123 more ... | "zeroMinWidth">): Element | null', gave the following error.
    Property 'component' is missing in type '{ children: Element; item: true; xs: number; }' but required in type '{ component: ElementType<any, keyof IntrinsicElements>; }'.
  Overload 2 of 2, '(props: DefaultComponentProps<GridTypeMap<{}, "div">>): Element | null', gave the following error.
    Type '{ children: Element; item: true; xs: number; }' is not assignable to type 'IntrinsicAttributes & GridOwnProps & CommonProps & Omit<Omit<DetailedHTMLProps<HTMLAttributes<HTMLDivElement>, HTMLDivElement>, "ref"> & { ...; }, "mobile" | ... 123 more ... | "zeroMinWidth">'.
      Property 'xs' does not exist on type 'IntrinsicAttributes & GridOwnProps & CommonProps & Omit<Omit<DetailedHTMLProps<HTMLAttributes<HTMLDivElement>, HTMLDivElement>, "ref"> & { ...; }, "mobile" | ... 123 more ... | "zeroMinWidth">'.
src/features/analytics/components/AnalyticsDashboard.tsx(295,14): error TS2769: No overload matches this call.
  Overload 1 of 2, '(props: { component: ElementType<any, keyof IntrinsicElements>; } & GridOwnProps & CommonProps & Omit<any, "mobile" | ... 123 more ... | "zeroMinWidth">): Element | null', gave the following error.
    Property 'component' is missing in type '{ children: Element; item: true; xs: number; md: number; }' but required in type '{ component: ElementType<any, keyof IntrinsicElements>; }'.
  Overload 2 of 2, '(props: DefaultComponentProps<GridTypeMap<{}, "div">>): Element | null', gave the following error.
    Type '{ children: Element; item: true; xs: number; md: number; }' is not assignable to type 'IntrinsicAttributes & GridOwnProps & CommonProps & Omit<Omit<DetailedHTMLProps<HTMLAttributes<HTMLDivElement>, HTMLDivElement>, "ref"> & { ...; }, "mobile" | ... 123 more ... | "zeroMinWidth">'.
      Property 'xs' does not exist on type 'IntrinsicAttributes & GridOwnProps & CommonProps & Omit<Omit<DetailedHTMLProps<HTMLAttributes<HTMLDivElement>, HTMLDivElement>, "ref"> & { ...; }, "mobile" | ... 123 more ... | "zeroMinWidth">'.
src/features/analytics/components/AnalyticsDashboard.tsx(303,14): error TS2769: No overload matches this call.
  Overload 1 of 2, '(props: { component: ElementType<any, keyof IntrinsicElements>; } & GridOwnProps & CommonProps & Omit<any, "mobile" | ... 123 more ... | "zeroMinWidth">): Element | null', gave the following error.
    Property 'component' is missing in type '{ children: Element; item: true; xs: number; md: number; }' but required in type '{ component: ElementType<any, keyof IntrinsicElements>; }'.
  Overload 2 of 2, '(props: DefaultComponentProps<GridTypeMap<{}, "div">>): Element | null', gave the following error.
    Type '{ children: Element; item: true; xs: number; md: number; }' is not assignable to type 'IntrinsicAttributes & GridOwnProps & CommonProps & Omit<Omit<DetailedHTMLProps<HTMLAttributes<HTMLDivElement>, HTMLDivElement>, "ref"> & { ...; }, "mobile" | ... 123 more ... | "zeroMinWidth">'.
      Property 'xs' does not exist on type 'IntrinsicAttributes & GridOwnProps & CommonProps & Omit<Omit<DetailedHTMLProps<HTMLAttributes<HTMLDivElement>, HTMLDivElement>, "ref"> & { ...; }, "mobile" | ... 123 more ... | "zeroMinWidth">'.
src/features/analytics/components/AnalyticsDashboard.tsx(313,16): error TS2769: No overload matches this call.
  Overload 1 of 2, '(props: { component: ElementType<any, keyof IntrinsicElements>; } & GridOwnProps & CommonProps & Omit<any, "mobile" | ... 123 more ... | "zeroMinWidth">): Element | null', gave the following error.
    Property 'component' is missing in type '{ children: Element; item: true; xs: number; }' but required in type '{ component: ElementType<any, keyof IntrinsicElements>; }'.
  Overload 2 of 2, '(props: DefaultComponentProps<GridTypeMap<{}, "div">>): Element | null', gave the following error.
    Type '{ children: Element; item: true; xs: number; }' is not assignable to type 'IntrinsicAttributes & GridOwnProps & CommonProps & Omit<Omit<DetailedHTMLProps<HTMLAttributes<HTMLDivElement>, HTMLDivElement>, "ref"> & { ...; }, "mobile" | ... 123 more ... | "zeroMinWidth">'.
      Property 'xs' does not exist on type 'IntrinsicAttributes & GridOwnProps & CommonProps & Omit<Omit<DetailedHTMLProps<HTMLAttributes<HTMLDivElement>, HTMLDivElement>, "ref"> & { ...; }, "mobile" | ... 123 more ... | "zeroMinWidth">'.
src/features/analytics/components/AnalyticsDashboard.tsx(324,16): error TS2769: No overload matches this call.
  Overload 1 of 2, '(props: { component: ElementType<any, keyof IntrinsicElements>; } & GridOwnProps & CommonProps & Omit<any, "mobile" | ... 123 more ... | "zeroMinWidth">): Element | null', gave the following error.
    Property 'component' is missing in type '{ children: Element; item: true; xs: number; }' but required in type '{ component: ElementType<any, keyof IntrinsicElements>; }'.
  Overload 2 of 2, '(props: DefaultComponentProps<GridTypeMap<{}, "div">>): Element | null', gave the following error.
    Type '{ children: Element; item: true; xs: number; }' is not assignable to type 'IntrinsicAttributes & GridOwnProps & CommonProps & Omit<Omit<DetailedHTMLProps<HTMLAttributes<HTMLDivElement>, HTMLDivElement>, "ref"> & { ...; }, "mobile" | ... 123 more ... | "zeroMinWidth">'.
      Property 'xs' does not exist on type 'IntrinsicAttributes & GridOwnProps & CommonProps & Omit<Omit<DetailedHTMLProps<HTMLAttributes<HTMLDivElement>, HTMLDivElement>, "ref"> & { ...; }, "mobile" | ... 123 more ... | "zeroMinWidth">'.
src/features/analytics/components/AnalyticsFilters.test.tsx(39,3): error TS2304: Cannot find name 'beforeEach'.
src/features/analytics/components/AnalyticsFilters.tsx(274,18): error TS2769: No overload matches this call.
  Overload 1 of 2, '(props: { component: ElementType<any, keyof IntrinsicElements>; } & GridOwnProps & CommonProps & Omit<any, "mobile" | ... 123 more ... | "zeroMinWidth">): Element | null', gave the following error.
    Property 'component' is missing in type '{ children: Element; item: true; xs: number; }' but required in type '{ component: ElementType<any, keyof IntrinsicElements>; }'.
  Overload 2 of 2, '(props: DefaultComponentProps<GridTypeMap<{}, "div">>): Element | null', gave the following error.
    Type '{ children: Element; item: true; xs: number; }' is not assignable to type 'IntrinsicAttributes & GridOwnProps & CommonProps & Omit<Omit<DetailedHTMLProps<HTMLAttributes<HTMLDivElement>, HTMLDivElement>, "ref"> & { ...; }, "mobile" | ... 123 more ... | "zeroMinWidth">'.
      Property 'xs' does not exist on type 'IntrinsicAttributes & GridOwnProps & CommonProps & Omit<Omit<DetailedHTMLProps<HTMLAttributes<HTMLDivElement>, HTMLDivElement>, "ref"> & { ...; }, "mobile" | ... 123 more ... | "zeroMinWidth">'.
src/features/analytics/components/AnalyticsFilters.tsx(288,18): error TS2769: No overload matches this call.
  Overload 1 of 2, '(props: { component: ElementType<any, keyof IntrinsicElements>; } & GridOwnProps & CommonProps & Omit<any, "mobile" | ... 123 more ... | "zeroMinWidth">): Element | null', gave the following error.
    Property 'component' is missing in type '{ children: Element; item: true; xs: number; }' but required in type '{ component: ElementType<any, keyof IntrinsicElements>; }'.
  Overload 2 of 2, '(props: DefaultComponentProps<GridTypeMap<{}, "div">>): Element | null', gave the following error.
    Type '{ children: Element; item: true; xs: number; }' is not assignable to type 'IntrinsicAttributes & GridOwnProps & CommonProps & Omit<Omit<DetailedHTMLProps<HTMLAttributes<HTMLDivElement>, HTMLDivElement>, "ref"> & { ...; }, "mobile" | ... 123 more ... | "zeroMinWidth">'.
      Property 'xs' does not exist on type 'IntrinsicAttributes & GridOwnProps & CommonProps & Omit<Omit<DetailedHTMLProps<HTMLAttributes<HTMLDivElement>, HTMLDivElement>, "ref"> & { ...; }, "mobile" | ... 123 more ... | "zeroMinWidth">'.
src/features/analytics/components/AnalyticsFilters.tsx(303,20): error TS2769: No overload matches this call.
  Overload 1 of 2, '(props: { component: ElementType<any, keyof IntrinsicElements>; } & GridOwnProps & CommonProps & Omit<any, "mobile" | ... 123 more ... | "zeroMinWidth">): Element | null', gave the following error.
    Property 'component' is missing in type '{ children: Element; item: true; xs: number; }' but required in type '{ component: ElementType<any, keyof IntrinsicElements>; }'.
  Overload 2 of 2, '(props: DefaultComponentProps<GridTypeMap<{}, "div">>): Element | null', gave the following error.
    Type '{ children: Element; item: true; xs: number; }' is not assignable to type 'IntrinsicAttributes & GridOwnProps & CommonProps & Omit<Omit<DetailedHTMLProps<HTMLAttributes<HTMLDivElement>, HTMLDivElement>, "ref"> & { ...; }, "mobile" | ... 123 more ... | "zeroMinWidth">'.
      Property 'xs' does not exist on type 'IntrinsicAttributes & GridOwnProps & CommonProps & Omit<Omit<DetailedHTMLProps<HTMLAttributes<HTMLDivElement>, HTMLDivElement>, "ref"> & { ...; }, "mobile" | ... 123 more ... | "zeroMinWidth">'.
src/features/analytics/components/ExportMenu.test.tsx(24,3): error TS2304: Cannot find name 'beforeEach'.
src/features/analytics/components/ExportMenu.tsx(256,14): error TS2769: No overload matches this call.
  Overload 1 of 2, '(props: { component: ElementType<any, keyof IntrinsicElements>; } & GridOwnProps & CommonProps & Omit<any, "mobile" | ... 123 more ... | "zeroMinWidth">): Element | null', gave the following error.
    Property 'component' is missing in type '{ children: Element; item: true; xs: number; }' but required in type '{ component: ElementType<any, keyof IntrinsicElements>; }'.
  Overload 2 of 2, '(props: DefaultComponentProps<GridTypeMap<{}, "div">>): Element | null', gave the following error.
    Type '{ children: Element; item: true; xs: number; }' is not assignable to type 'IntrinsicAttributes & GridOwnProps & CommonProps & Omit<Omit<DetailedHTMLProps<HTMLAttributes<HTMLDivElement>, HTMLDivElement>, "ref"> & { ...; }, "mobile" | ... 123 more ... | "zeroMinWidth">'.
      Property 'xs' does not exist on type 'IntrinsicAttributes & GridOwnProps & CommonProps & Omit<Omit<DetailedHTMLProps<HTMLAttributes<HTMLDivElement>, HTMLDivElement>, "ref"> & { ...; }, "mobile" | ... 123 more ... | "zeroMinWidth">'.
src/features/analytics/components/ExportMenu.tsx(272,14): error TS2769: No overload matches this call.
  Overload 1 of 2, '(props: { component: ElementType<any, keyof IntrinsicElements>; } & GridOwnProps & CommonProps & Omit<any, "mobile" | ... 123 more ... | "zeroMinWidth">): Element | null', gave the following error.
    Property 'component' is missing in type '{ children: Element; item: true; xs: number; }' but required in type '{ component: ElementType<any, keyof IntrinsicElements>; }'.
  Overload 2 of 2, '(props: DefaultComponentProps<GridTypeMap<{}, "div">>): Element | null', gave the following error.
    Type '{ children: Element; item: true; xs: number; }' is not assignable to type 'IntrinsicAttributes & GridOwnProps & CommonProps & Omit<Omit<DetailedHTMLProps<HTMLAttributes<HTMLDivElement>, HTMLDivElement>, "ref"> & { ...; }, "mobile" | ... 123 more ... | "zeroMinWidth">'.
      Property 'xs' does not exist on type 'IntrinsicAttributes & GridOwnProps & CommonProps & Omit<Omit<DetailedHTMLProps<HTMLAttributes<HTMLDivElement>, HTMLDivElement>, "ref"> & { ...; }, "mobile" | ... 123 more ... | "zeroMinWidth">'.
src/features/analytics/components/ExportMenu.tsx(439,12): error TS2769: No overload matches this call.
  Overload 1 of 2, '(props: { component: ElementType<any, keyof IntrinsicElements>; } & GridOwnProps & CommonProps & Omit<any, "mobile" | ... 123 more ... | "zeroMinWidth">): Element | null', gave the following error.
    Property 'component' is missing in type '{ children: Element; item: true; xs: number; }' but required in type '{ component: ElementType<any, keyof IntrinsicElements>; }'.
  Overload 2 of 2, '(props: DefaultComponentProps<GridTypeMap<{}, "div">>): Element | null', gave the following error.
    Type '{ children: Element; item: true; xs: number; }' is not assignable to type 'IntrinsicAttributes & GridOwnProps & CommonProps & Omit<Omit<DetailedHTMLProps<HTMLAttributes<HTMLDivElement>, HTMLDivElement>, "ref"> & { ...; }, "mobile" | ... 123 more ... | "zeroMinWidth">'.
      Property 'xs' does not exist on type 'IntrinsicAttributes & GridOwnProps & CommonProps & Omit<Omit<DetailedHTMLProps<HTMLAttributes<HTMLDivElement>, HTMLDivElement>, "ref"> & { ...; }, "mobile" | ... 123 more ... | "zeroMinWidth">'.
src/features/analytics/components/ExportMenu.tsx(444,12): error TS2769: No overload matches this call.
  Overload 1 of 2, '(props: { component: ElementType<any, keyof IntrinsicElements>; } & GridOwnProps & CommonProps & Omit<any, "mobile" | ... 123 more ... | "zeroMinWidth">): Element | null', gave the following error.
    Property 'component' is missing in type '{ children: Element; item: true; xs: number; }' but required in type '{ component: ElementType<any, keyof IntrinsicElements>; }'.
  Overload 2 of 2, '(props: DefaultComponentProps<GridTypeMap<{}, "div">>): Element | null', gave the following error.
    Type '{ children: Element; item: true; xs: number; }' is not assignable to type 'IntrinsicAttributes & GridOwnProps & CommonProps & Omit<Omit<DetailedHTMLProps<HTMLAttributes<HTMLDivElement>, HTMLDivElement>, "ref"> & { ...; }, "mobile" | ... 123 more ... | "zeroMinWidth">'.
      Property 'xs' does not exist on type 'IntrinsicAttributes & GridOwnProps & CommonProps & Omit<Omit<DetailedHTMLProps<HTMLAttributes<HTMLDivElement>, HTMLDivElement>, "ref"> & { ...; }, "mobile" | ... 123 more ... | "zeroMinWidth">'.
src/features/analytics/components/ExportMenu.tsx(449,12): error TS2769: No overload matches this call.
  Overload 1 of 2, '(props: { component: ElementType<any, keyof IntrinsicElements>; } & GridOwnProps & CommonProps & Omit<any, "mobile" | ... 123 more ... | "zeroMinWidth">): Element | null', gave the following error.
    Property 'component' is missing in type '{ children: Element[]; item: true; xs: number; }' but required in type '{ component: ElementType<any, keyof IntrinsicElements>; }'.
  Overload 2 of 2, '(props: DefaultComponentProps<GridTypeMap<{}, "div">>): Element | null', gave the following error.
    Type '{ children: Element[]; item: true; xs: number; }' is not assignable to type 'IntrinsicAttributes & GridOwnProps & CommonProps & Omit<Omit<DetailedHTMLProps<HTMLAttributes<HTMLDivElement>, HTMLDivElement>, "ref"> & { ...; }, "mobile" | ... 123 more ... | "zeroMinWidth">'.
      Property 'xs' does not exist on type 'IntrinsicAttributes & GridOwnProps & CommonProps & Omit<Omit<DetailedHTMLProps<HTMLAttributes<HTMLDivElement>, HTMLDivElement>, "ref"> & { ...; }, "mobile" | ... 123 more ... | "zeroMinWidth">'.
src/features/analytics/components/ExportMenu.tsx(516,11): error TS2322: Type '"md"' is not assignable to type 'false | Breakpoint | undefined'.
src/features/analytics/components/ExportMenu.tsx(544,18): error TS2769: No overload matches this call.
  Overload 1 of 2, '(props: { component: ElementType<any, keyof IntrinsicElements>; } & GridOwnProps & CommonProps & Omit<any, "mobile" | ... 123 more ... | "zeroMinWidth">): Element | null', gave the following error.
    Property 'component' is missing in type '{ children: Element[]; item: true; xs: number; md: number; }' but required in type '{ component: ElementType<any, keyof IntrinsicElements>; }'.
  Overload 2 of 2, '(props: DefaultComponentProps<GridTypeMap<{}, "div">>): Element | null', gave the following error.
    Type '{ children: Element[]; item: true; xs: number; md: number; }' is not assignable to type 'IntrinsicAttributes & GridOwnProps & CommonProps & Omit<Omit<DetailedHTMLProps<HTMLAttributes<HTMLDivElement>, HTMLDivElement>, "ref"> & { ...; }, "mobile" | ... 123 more ... | "zeroMinWidth">'.
      Property 'xs' does not exist on type 'IntrinsicAttributes & GridOwnProps & CommonProps & Omit<Omit<DetailedHTMLProps<HTMLAttributes<HTMLDivElement>, HTMLDivElement>, "ref"> & { ...; }, "mobile" | ... 123 more ... | "zeroMinWidth">'.
src/features/analytics/components/ExportMenu.tsx(549,18): error TS2769: No overload matches this call.
  Overload 1 of 2, '(props: { component: ElementType<any, keyof IntrinsicElements>; } & GridOwnProps & CommonProps & Omit<any, "mobile" | ... 123 more ... | "zeroMinWidth">): Element | null', gave the following error.
    Property 'component' is missing in type '{ children: (Element | null)[]; item: true; xs: number; md: number; }' but required in type '{ component: ElementType<any, keyof IntrinsicElements>; }'.
  Overload 2 of 2, '(props: DefaultComponentProps<GridTypeMap<{}, "div">>): Element | null', gave the following error.
    Type '{ children: (Element | null)[]; item: true; xs: number; md: number; }' is not assignable to type 'IntrinsicAttributes & GridOwnProps & CommonProps & Omit<Omit<DetailedHTMLProps<HTMLAttributes<HTMLDivElement>, HTMLDivElement>, "ref"> & { ...; }, "mobile" | ... 123 more ... | "zeroMinWidth">'.
      Property 'xs' does not exist on type 'IntrinsicAttributes & GridOwnProps & CommonProps & Omit<Omit<DetailedHTMLProps<HTMLAttributes<HTMLDivElement>, HTMLDivElement>, "ref"> & { ...; }, "mobile" | ... 123 more ... | "zeroMinWidth">'.
src/features/analytics/components/ExportMenu.tsx(560,18): error TS2769: No overload matches this call.
  Overload 1 of 2, '(props: { component: ElementType<any, keyof IntrinsicElements>; } & GridOwnProps & CommonProps & Omit<any, "mobile" | ... 123 more ... | "zeroMinWidth">): Element | null', gave the following error.
    Property 'component' is missing in type '{ children: Element[]; item: true; xs: number; }' but required in type '{ component: ElementType<any, keyof IntrinsicElements>; }'.
  Overload 2 of 2, '(props: DefaultComponentProps<GridTypeMap<{}, "div">>): Element | null', gave the following error.
    Type '{ children: Element[]; item: true; xs: number; }' is not assignable to type 'IntrinsicAttributes & GridOwnProps & CommonProps & Omit<Omit<DetailedHTMLProps<HTMLAttributes<HTMLDivElement>, HTMLDivElement>, "ref"> & { ...; }, "mobile" | ... 123 more ... | "zeroMinWidth">'.
      Property 'xs' does not exist on type 'IntrinsicAttributes & GridOwnProps & CommonProps & Omit<Omit<DetailedHTMLProps<HTMLAttributes<HTMLDivElement>, HTMLDivElement>, "ref"> & { ...; }, "mobile" | ... 123 more ... | "zeroMinWidth">'.
src/features/analytics/components/GoalProgress.tsx(367,12): error TS2769: No overload matches this call.
  Overload 1 of 2, '(props: { component: ElementType<any, keyof IntrinsicElements>; } & GridOwnProps & CommonProps & Omit<any, "mobile" | ... 123 more ... | "zeroMinWidth">): Element | null', gave the following error.
    Property 'component' is missing in type '{ children: Element; item: true; xs: number; sm: number; }' but required in type '{ component: ElementType<any, keyof IntrinsicElements>; }'.
  Overload 2 of 2, '(props: DefaultComponentProps<GridTypeMap<{}, "div">>): Element | null', gave the following error.
    Type '{ children: Element; item: true; xs: number; sm: number; }' is not assignable to type 'IntrinsicAttributes & GridOwnProps & CommonProps & Omit<Omit<DetailedHTMLProps<HTMLAttributes<HTMLDivElement>, HTMLDivElement>, "ref"> & { ...; }, "mobile" | ... 123 more ... | "zeroMinWidth">'.
      Property 'xs' does not exist on type 'IntrinsicAttributes & GridOwnProps & CommonProps & Omit<Omit<DetailedHTMLProps<HTMLAttributes<HTMLDivElement>, HTMLDivElement>, "ref"> & { ...; }, "mobile" | ... 123 more ... | "zeroMinWidth">'.
src/features/analytics/components/GoalProgress.tsx(377,12): error TS2769: No overload matches this call.
  Overload 1 of 2, '(props: { component: ElementType<any, keyof IntrinsicElements>; } & GridOwnProps & CommonProps & Omit<any, "mobile" | ... 123 more ... | "zeroMinWidth">): Element | null', gave the following error.
    Property 'component' is missing in type '{ children: Element; item: true; xs: number; sm: number; }' but required in type '{ component: ElementType<any, keyof IntrinsicElements>; }'.
  Overload 2 of 2, '(props: DefaultComponentProps<GridTypeMap<{}, "div">>): Element | null', gave the following error.
    Type '{ children: Element; item: true; xs: number; sm: number; }' is not assignable to type 'IntrinsicAttributes & GridOwnProps & CommonProps & Omit<Omit<DetailedHTMLProps<HTMLAttributes<HTMLDivElement>, HTMLDivElement>, "ref"> & { ...; }, "mobile" | ... 123 more ... | "zeroMinWidth">'.
      Property 'xs' does not exist on type 'IntrinsicAttributes & GridOwnProps & CommonProps & Omit<Omit<DetailedHTMLProps<HTMLAttributes<HTMLDivElement>, HTMLDivElement>, "ref"> & { ...; }, "mobile" | ... 123 more ... | "zeroMinWidth">'.
src/features/analytics/components/GoalProgress.tsx(387,12): error TS2769: No overload matches this call.
  Overload 1 of 2, '(props: { component: ElementType<any, keyof IntrinsicElements>; } & GridOwnProps & CommonProps & Omit<any, "mobile" | ... 123 more ... | "zeroMinWidth">): Element | null', gave the following error.
    Property 'component' is missing in type '{ children: Element; item: true; xs: number; sm: number; }' but required in type '{ component: ElementType<any, keyof IntrinsicElements>; }'.
  Overload 2 of 2, '(props: DefaultComponentProps<GridTypeMap<{}, "div">>): Element | null', gave the following error.
    Type '{ children: Element; item: true; xs: number; sm: number; }' is not assignable to type 'IntrinsicAttributes & GridOwnProps & CommonProps & Omit<Omit<DetailedHTMLProps<HTMLAttributes<HTMLDivElement>, HTMLDivElement>, "ref"> & { ...; }, "mobile" | ... 123 more ... | "zeroMinWidth">'.
      Property 'xs' does not exist on type 'IntrinsicAttributes & GridOwnProps & CommonProps & Omit<Omit<DetailedHTMLProps<HTMLAttributes<HTMLDivElement>, HTMLDivElement>, "ref"> & { ...; }, "mobile" | ... 123 more ... | "zeroMinWidth">'.
src/features/analytics/components/GoalProgress.tsx(397,12): error TS2769: No overload matches this call.
  Overload 1 of 2, '(props: { component: ElementType<any, keyof IntrinsicElements>; } & GridOwnProps & CommonProps & Omit<any, "mobile" | ... 123 more ... | "zeroMinWidth">): Element | null', gave the following error.
    Property 'component' is missing in type '{ children: Element; item: true; xs: number; sm: number; }' but required in type '{ component: ElementType<any, keyof IntrinsicElements>; }'.
  Overload 2 of 2, '(props: DefaultComponentProps<GridTypeMap<{}, "div">>): Element | null', gave the following error.
    Type '{ children: Element; item: true; xs: number; sm: number; }' is not assignable to type 'IntrinsicAttributes & GridOwnProps & CommonProps & Omit<Omit<DetailedHTMLProps<HTMLAttributes<HTMLDivElement>, HTMLDivElement>, "ref"> & { ...; }, "mobile" | ... 123 more ... | "zeroMinWidth">'.
      Property 'xs' does not exist on type 'IntrinsicAttributes & GridOwnProps & CommonProps & Omit<Omit<DetailedHTMLProps<HTMLAttributes<HTMLDivElement>, HTMLDivElement>, "ref"> & { ...; }, "mobile" | ... 123 more ... | "zeroMinWidth">'.
src/features/analytics/components/GoalProgress.tsx(416,16): error TS2769: No overload matches this call.
  Overload 1 of 2, '(props: { component: ElementType<any, keyof IntrinsicElements>; } & GridOwnProps & CommonProps & Omit<any, "mobile" | ... 123 more ... | "zeroMinWidth">): Element | null', gave the following error.
    Property 'component' is missing in type '{ children: Element; item: true; xs: number; sm: number; md: number; key: string; }' but required in type '{ component: ElementType<any, keyof IntrinsicElements>; }'.
  Overload 2 of 2, '(props: DefaultComponentProps<GridTypeMap<{}, "div">>): Element | null', gave the following error.
    Type '{ children: Element; item: true; xs: number; sm: number; md: number; key: string; }' is not assignable to type 'IntrinsicAttributes & GridOwnProps & CommonProps & Omit<Omit<DetailedHTMLProps<HTMLAttributes<HTMLDivElement>, HTMLDivElement>, "ref"> & { ...; }, "mobile" | ... 123 more ... | "zeroMinWidth">'.
      Property 'xs' does not exist on type 'IntrinsicAttributes & GridOwnProps & CommonProps & Omit<Omit<DetailedHTMLProps<HTMLAttributes<HTMLDivElement>, HTMLDivElement>, "ref"> & { ...; }, "mobile" | ... 123 more ... | "zeroMinWidth">'.
src/features/analytics/components/HiveActivityHeatmap.tsx(100,61): error TS2345: Argument of type 'Theme' is not assignable to parameter of type '{ palette: { primary: { main: string; }; grey: { [key: number]: string; }; }; }'.
  The types of 'palette.grey' are incompatible between these types.
    Type 'Color' is not assignable to type '{ [key: number]: string; }'.
      Index signature for type 'number' is missing in type 'Color'.
src/features/analytics/components/HiveActivityHeatmap.tsx(250,56): error TS2345: Argument of type 'Theme' is not assignable to parameter of type '{ palette: { primary: { main: string; }; grey: { [key: number]: string; }; }; }'.
  The types of 'palette.grey' are incompatible between these types.
    Type 'Color' is not assignable to type '{ [key: number]: string; }'.
      Index signature for type 'number' is missing in type 'Color'.
src/features/analytics/components/HiveActivityHeatmap.tsx(278,12): error TS2769: No overload matches this call.
  Overload 1 of 2, '(props: { component: ElementType<any, keyof IntrinsicElements>; } & GridOwnProps & CommonProps & Omit<any, "mobile" | ... 123 more ... | "zeroMinWidth">): Element | null', gave the following error.
    Property 'component' is missing in type '{ children: Element; item: true; xs: number; }' but required in type '{ component: ElementType<any, keyof IntrinsicElements>; }'.
  Overload 2 of 2, '(props: DefaultComponentProps<GridTypeMap<{}, "div">>): Element | null', gave the following error.
    Type '{ children: Element; item: true; xs: number; }' is not assignable to type 'IntrinsicAttributes & GridOwnProps & CommonProps & Omit<Omit<DetailedHTMLProps<HTMLAttributes<HTMLDivElement>, HTMLDivElement>, "ref"> & { ...; }, "mobile" | ... 123 more ... | "zeroMinWidth">'.
      Property 'xs' does not exist on type 'IntrinsicAttributes & GridOwnProps & CommonProps & Omit<Omit<DetailedHTMLProps<HTMLAttributes<HTMLDivElement>, HTMLDivElement>, "ref"> & { ...; }, "mobile" | ... 123 more ... | "zeroMinWidth">'.
src/features/analytics/components/HiveActivityHeatmap.tsx(288,12): error TS2769: No overload matches this call.
  Overload 1 of 2, '(props: { component: ElementType<any, keyof IntrinsicElements>; } & GridOwnProps & CommonProps & Omit<any, "mobile" | ... 123 more ... | "zeroMinWidth">): Element | null', gave the following error.
    Property 'component' is missing in type '{ children: Element; item: true; xs: number; }' but required in type '{ component: ElementType<any, keyof IntrinsicElements>; }'.
  Overload 2 of 2, '(props: DefaultComponentProps<GridTypeMap<{}, "div">>): Element | null', gave the following error.
    Type '{ children: Element; item: true; xs: number; }' is not assignable to type 'IntrinsicAttributes & GridOwnProps & CommonProps & Omit<Omit<DetailedHTMLProps<HTMLAttributes<HTMLDivElement>, HTMLDivElement>, "ref"> & { ...; }, "mobile" | ... 123 more ... | "zeroMinWidth">'.
      Property 'xs' does not exist on type 'IntrinsicAttributes & GridOwnProps & CommonProps & Omit<Omit<DetailedHTMLProps<HTMLAttributes<HTMLDivElement>, HTMLDivElement>, "ref"> & { ...; }, "mobile" | ... 123 more ... | "zeroMinWidth">'.
src/features/analytics/components/HiveActivityHeatmap.tsx(298,12): error TS2769: No overload matches this call.
  Overload 1 of 2, '(props: { component: ElementType<any, keyof IntrinsicElements>; } & GridOwnProps & CommonProps & Omit<any, "mobile" | ... 123 more ... | "zeroMinWidth">): Element | null', gave the following error.
    Property 'component' is missing in type '{ children: Element; item: true; xs: number; }' but required in type '{ component: ElementType<any, keyof IntrinsicElements>; }'.
  Overload 2 of 2, '(props: DefaultComponentProps<GridTypeMap<{}, "div">>): Element | null', gave the following error.
    Type '{ children: Element; item: true; xs: number; }' is not assignable to type 'IntrinsicAttributes & GridOwnProps & CommonProps & Omit<Omit<DetailedHTMLProps<HTMLAttributes<HTMLDivElement>, HTMLDivElement>, "ref"> & { ...; }, "mobile" | ... 123 more ... | "zeroMinWidth">'.
      Property 'xs' does not exist on type 'IntrinsicAttributes & GridOwnProps & CommonProps & Omit<Omit<DetailedHTMLProps<HTMLAttributes<HTMLDivElement>, HTMLDivElement>, "ref"> & { ...; }, "mobile" | ... 123 more ... | "zeroMinWidth">'.
src/features/analytics/components/MemberEngagement.test.tsx(8,22): error TS2353: Object literal may only specify known properties, and 'name' does not exist in type 'User'.
src/features/analytics/components/MemberEngagement.test.tsx(17,22): error TS2353: Object literal may only specify known properties, and 'name' does not exist in type 'User'.
src/features/analytics/components/MemberEngagement.test.tsx(26,22): error TS2353: Object literal may only specify known properties, and 'name' does not exist in type 'User'.
src/features/analytics/components/MemberEngagement.test.tsx(35,22): error TS2353: Object literal may only specify known properties, and 'name' does not exist in type 'User'.
src/features/analytics/components/MemberEngagement.test.tsx(44,22): error TS2353: Object literal may only specify known properties, and 'name' does not exist in type 'User'.
src/features/analytics/components/MemberEngagement.tsx(113,25): error TS2339: Property 'name' does not exist on type 'User'.
src/features/analytics/components/MemberEngagement.tsx(178,40): error TS2339: Property 'name' does not exist on type 'User'.
src/features/analytics/components/MemberEngagement.tsx(181,71): error TS2339: Property 'name' does not exist on type 'User'.
src/features/analytics/components/MemberEngagement.tsx(190,38): error TS2339: Property 'name' does not exist on type 'User'.
src/features/analytics/components/MemberEngagement.tsx(205,22): error TS2769: No overload matches this call.
  Overload 1 of 2, '(props: { component: ElementType<any, keyof IntrinsicElements>; } & GridOwnProps & CommonProps & Omit<any, "mobile" | ... 123 more ... | "zeroMinWidth">): Element | null', gave the following error.
    Property 'component' is missing in type '{ children: Element[]; item: true; xs: number; }' but required in type '{ component: ElementType<any, keyof IntrinsicElements>; }'.
  Overload 2 of 2, '(props: DefaultComponentProps<GridTypeMap<{}, "div">>): Element | null', gave the following error.
    Type '{ children: Element[]; item: true; xs: number; }' is not assignable to type 'IntrinsicAttributes & GridOwnProps & CommonProps & Omit<Omit<DetailedHTMLProps<HTMLAttributes<HTMLDivElement>, HTMLDivElement>, "ref"> & { ...; }, "mobile" | ... 123 more ... | "zeroMinWidth">'.
      Property 'xs' does not exist on type 'IntrinsicAttributes & GridOwnProps & CommonProps & Omit<Omit<DetailedHTMLProps<HTMLAttributes<HTMLDivElement>, HTMLDivElement>, "ref"> & { ...; }, "mobile" | ... 123 more ... | "zeroMinWidth">'.
src/features/analytics/components/MemberEngagement.tsx(219,22): error TS2769: No overload matches this call.
  Overload 1 of 2, '(props: { component: ElementType<any, keyof IntrinsicElements>; } & GridOwnProps & CommonProps & Omit<any, "mobile" | ... 123 more ... | "zeroMinWidth">): Element | null', gave the following error.
    Property 'component' is missing in type '{ children: Element; item: true; xs: number; }' but required in type '{ component: ElementType<any, keyof IntrinsicElements>; }'.
  Overload 2 of 2, '(props: DefaultComponentProps<GridTypeMap<{}, "div">>): Element | null', gave the following error.
    Type '{ children: Element; item: true; xs: number; }' is not assignable to type 'IntrinsicAttributes & GridOwnProps & CommonProps & Omit<Omit<DetailedHTMLProps<HTMLAttributes<HTMLDivElement>, HTMLDivElement>, "ref"> & { ...; }, "mobile" | ... 123 more ... | "zeroMinWidth">'.
      Property 'xs' does not exist on type 'IntrinsicAttributes & GridOwnProps & CommonProps & Omit<Omit<DetailedHTMLProps<HTMLAttributes<HTMLDivElement>, HTMLDivElement>, "ref"> & { ...; }, "mobile" | ... 123 more ... | "zeroMinWidth">'.
src/features/analytics/components/MemberEngagement.tsx(228,27): error TS2322: Type '"success" | "error" | "warning" | "default"' is not assignable to type 'OverridableStringUnion<"success" | "error" | "info" | "warning" | "primary" | "secondary" | "inherit", LinearProgressPropsColorOverrides> | undefined'.
  Type '"default"' is not assignable to type 'OverridableStringUnion<"success" | "error" | "info" | "warning" | "primary" | "secondary" | "inherit", LinearProgressPropsColorOverrides> | undefined'.
src/features/analytics/components/MemberEngagement.tsx(249,16): error TS2769: No overload matches this call.
  Overload 1 of 2, '(props: { component: ElementType<any, keyof IntrinsicElements>; } & GridOwnProps & CommonProps & Omit<any, "mobile" | ... 123 more ... | "zeroMinWidth">): Element | null', gave the following error.
    Property 'component' is missing in type '{ children: Element; item: true; xs: number; }' but required in type '{ component: ElementType<any, keyof IntrinsicElements>; }'.
  Overload 2 of 2, '(props: DefaultComponentProps<GridTypeMap<{}, "div">>): Element | null', gave the following error.
    Type '{ children: Element; item: true; xs: number; }' is not assignable to type 'IntrinsicAttributes & GridOwnProps & CommonProps & Omit<Omit<DetailedHTMLProps<HTMLAttributes<HTMLDivElement>, HTMLDivElement>, "ref"> & { ...; }, "mobile" | ... 123 more ... | "zeroMinWidth">'.
      Property 'xs' does not exist on type 'IntrinsicAttributes & GridOwnProps & CommonProps & Omit<Omit<DetailedHTMLProps<HTMLAttributes<HTMLDivElement>, HTMLDivElement>, "ref"> & { ...; }, "mobile" | ... 123 more ... | "zeroMinWidth">'.
src/features/analytics/components/MemberEngagement.tsx(259,16): error TS2769: No overload matches this call.
  Overload 1 of 2, '(props: { component: ElementType<any, keyof IntrinsicElements>; } & GridOwnProps & CommonProps & Omit<any, "mobile" | ... 123 more ... | "zeroMinWidth">): Element | null', gave the following error.
    Property 'component' is missing in type '{ children: Element; item: true; xs: number; }' but required in type '{ component: ElementType<any, keyof IntrinsicElements>; }'.
  Overload 2 of 2, '(props: DefaultComponentProps<GridTypeMap<{}, "div">>): Element | null', gave the following error.
    Type '{ children: Element; item: true; xs: number; }' is not assignable to type 'IntrinsicAttributes & GridOwnProps & CommonProps & Omit<Omit<DetailedHTMLProps<HTMLAttributes<HTMLDivElement>, HTMLDivElement>, "ref"> & { ...; }, "mobile" | ... 123 more ... | "zeroMinWidth">'.
      Property 'xs' does not exist on type 'IntrinsicAttributes & GridOwnProps & CommonProps & Omit<Omit<DetailedHTMLProps<HTMLAttributes<HTMLDivElement>, HTMLDivElement>, "ref"> & { ...; }, "mobile" | ... 123 more ... | "zeroMinWidth">'.
src/features/analytics/components/MemberEngagement.tsx(269,16): error TS2769: No overload matches this call.
  Overload 1 of 2, '(props: { component: ElementType<any, keyof IntrinsicElements>; } & GridOwnProps & CommonProps & Omit<any, "mobile" | ... 123 more ... | "zeroMinWidth">): Element | null', gave the following error.
    Property 'component' is missing in type '{ children: Element; item: true; xs: number; }' but required in type '{ component: ElementType<any, keyof IntrinsicElements>; }'.
  Overload 2 of 2, '(props: DefaultComponentProps<GridTypeMap<{}, "div">>): Element | null', gave the following error.
    Type '{ children: Element; item: true; xs: number; }' is not assignable to type 'IntrinsicAttributes & GridOwnProps & CommonProps & Omit<Omit<DetailedHTMLProps<HTMLAttributes<HTMLDivElement>, HTMLDivElement>, "ref"> & { ...; }, "mobile" | ... 123 more ... | "zeroMinWidth">'.
      Property 'xs' does not exist on type 'IntrinsicAttributes & GridOwnProps & CommonProps & Omit<Omit<DetailedHTMLProps<HTMLAttributes<HTMLDivElement>, HTMLDivElement>, "ref"> & { ...; }, "mobile" | ... 123 more ... | "zeroMinWidth">'.
src/features/analytics/components/MemberEngagement.tsx(279,16): error TS2769: No overload matches this call.
  Overload 1 of 2, '(props: { component: ElementType<any, keyof IntrinsicElements>; } & GridOwnProps & CommonProps & Omit<any, "mobile" | ... 123 more ... | "zeroMinWidth">): Element | null', gave the following error.
    Property 'component' is missing in type '{ children: Element; item: true; xs: number; }' but required in type '{ component: ElementType<any, keyof IntrinsicElements>; }'.
  Overload 2 of 2, '(props: DefaultComponentProps<GridTypeMap<{}, "div">>): Element | null', gave the following error.
    Type '{ children: Element; item: true; xs: number; }' is not assignable to type 'IntrinsicAttributes & GridOwnProps & CommonProps & Omit<Omit<DetailedHTMLProps<HTMLAttributes<HTMLDivElement>, HTMLDivElement>, "ref"> & { ...; }, "mobile" | ... 123 more ... | "zeroMinWidth">'.
      Property 'xs' does not exist on type 'IntrinsicAttributes & GridOwnProps & CommonProps & Omit<Omit<DetailedHTMLProps<HTMLAttributes<HTMLDivElement>, HTMLDivElement>, "ref"> & { ...; }, "mobile" | ... 123 more ... | "zeroMinWidth">'.
src/features/analytics/components/ProductivityChart.tsx(173,12): error TS2769: No overload matches this call.
  Overload 1 of 2, '(props: { component: ElementType<any, keyof IntrinsicElements>; } & GridOwnProps & CommonProps & Omit<any, "mobile" | ... 123 more ... | "zeroMinWidth">): Element | null', gave the following error.
    Property 'component' is missing in type '{ children: Element; item: true; xs: number; }' but required in type '{ component: ElementType<any, keyof IntrinsicElements>; }'.
  Overload 2 of 2, '(props: DefaultComponentProps<GridTypeMap<{}, "div">>): Element | null', gave the following error.
    Type '{ children: Element; item: true; xs: number; }' is not assignable to type 'IntrinsicAttributes & GridOwnProps & CommonProps & Omit<Omit<DetailedHTMLProps<HTMLAttributes<HTMLDivElement>, HTMLDivElement>, "ref"> & { ...; }, "mobile" | ... 123 more ... | "zeroMinWidth">'.
      Property 'xs' does not exist on type 'IntrinsicAttributes & GridOwnProps & CommonProps & Omit<Omit<DetailedHTMLProps<HTMLAttributes<HTMLDivElement>, HTMLDivElement>, "ref"> & { ...; }, "mobile" | ... 123 more ... | "zeroMinWidth">'.
src/features/analytics/components/ProductivityChart.tsx(183,12): error TS2769: No overload matches this call.
  Overload 1 of 2, '(props: { component: ElementType<any, keyof IntrinsicElements>; } & GridOwnProps & CommonProps & Omit<any, "mobile" | ... 123 more ... | "zeroMinWidth">): Element | null', gave the following error.
    Property 'component' is missing in type '{ children: Element; item: true; xs: number; }' but required in type '{ component: ElementType<any, keyof IntrinsicElements>; }'.
  Overload 2 of 2, '(props: DefaultComponentProps<GridTypeMap<{}, "div">>): Element | null', gave the following error.
    Type '{ children: Element; item: true; xs: number; }' is not assignable to type 'IntrinsicAttributes & GridOwnProps & CommonProps & Omit<Omit<DetailedHTMLProps<HTMLAttributes<HTMLDivElement>, HTMLDivElement>, "ref"> & { ...; }, "mobile" | ... 123 more ... | "zeroMinWidth">'.
      Property 'xs' does not exist on type 'IntrinsicAttributes & GridOwnProps & CommonProps & Omit<Omit<DetailedHTMLProps<HTMLAttributes<HTMLDivElement>, HTMLDivElement>, "ref"> & { ...; }, "mobile" | ... 123 more ... | "zeroMinWidth">'.
src/features/analytics/components/ProductivityChart.tsx(193,12): error TS2769: No overload matches this call.
  Overload 1 of 2, '(props: { component: ElementType<any, keyof IntrinsicElements>; } & GridOwnProps & CommonProps & Omit<any, "mobile" | ... 123 more ... | "zeroMinWidth">): Element | null', gave the following error.
    Property 'component' is missing in type '{ children: Element; item: true; xs: number; }' but required in type '{ component: ElementType<any, keyof IntrinsicElements>; }'.
  Overload 2 of 2, '(props: DefaultComponentProps<GridTypeMap<{}, "div">>): Element | null', gave the following error.
    Type '{ children: Element; item: true; xs: number; }' is not assignable to type 'IntrinsicAttributes & GridOwnProps & CommonProps & Omit<Omit<DetailedHTMLProps<HTMLAttributes<HTMLDivElement>, HTMLDivElement>, "ref"> & { ...; }, "mobile" | ... 123 more ... | "zeroMinWidth">'.
      Property 'xs' does not exist on type 'IntrinsicAttributes & GridOwnProps & CommonProps & Omit<Omit<DetailedHTMLProps<HTMLAttributes<HTMLDivElement>, HTMLDivElement>, "ref"> & { ...; }, "mobile" | ... 123 more ... | "zeroMinWidth">'.
src/features/analytics/components/TaskCompletionRate.tsx(184,12): error TS2769: No overload matches this call.
  Overload 1 of 2, '(props: { component: ElementType<any, keyof IntrinsicElements>; } & GridOwnProps & CommonProps & Omit<any, "mobile" | ... 123 more ... | "zeroMinWidth">): Element | null', gave the following error.
    Property 'component' is missing in type '{ children: Element; item: true; xs: number; sm: number; }' but required in type '{ component: ElementType<any, keyof IntrinsicElements>; }'.
  Overload 2 of 2, '(props: DefaultComponentProps<GridTypeMap<{}, "div">>): Element | null', gave the following error.
    Type '{ children: Element; item: true; xs: number; sm: number; }' is not assignable to type 'IntrinsicAttributes & GridOwnProps & CommonProps & Omit<Omit<DetailedHTMLProps<HTMLAttributes<HTMLDivElement>, HTMLDivElement>, "ref"> & { ...; }, "mobile" | ... 123 more ... | "zeroMinWidth">'.
      Property 'xs' does not exist on type 'IntrinsicAttributes & GridOwnProps & CommonProps & Omit<Omit<DetailedHTMLProps<HTMLAttributes<HTMLDivElement>, HTMLDivElement>, "ref"> & { ...; }, "mobile" | ... 123 more ... | "zeroMinWidth">'.
src/features/analytics/components/TaskCompletionRate.tsx(193,21): error TS2353: Object literal may only specify known properties, and 'colorSuccess' does not exist in type 'Partial<CircularProgressClasses>'.
src/features/analytics/components/TaskCompletionRate.tsx(221,12): error TS2769: No overload matches this call.
  Overload 1 of 2, '(props: { component: ElementType<any, keyof IntrinsicElements>; } & GridOwnProps & CommonProps & Omit<any, "mobile" | ... 123 more ... | "zeroMinWidth">): Element | null', gave the following error.
    Property 'component' is missing in type '{ children: Element; item: true; xs: number; sm: number; }' but required in type '{ component: ElementType<any, keyof IntrinsicElements>; }'.
  Overload 2 of 2, '(props: DefaultComponentProps<GridTypeMap<{}, "div">>): Element | null', gave the following error.
    Type '{ children: Element; item: true; xs: number; sm: number; }' is not assignable to type 'IntrinsicAttributes & GridOwnProps & CommonProps & Omit<Omit<DetailedHTMLProps<HTMLAttributes<HTMLDivElement>, HTMLDivElement>, "ref"> & { ...; }, "mobile" | ... 123 more ... | "zeroMinWidth">'.
      Property 'xs' does not exist on type 'IntrinsicAttributes & GridOwnProps & CommonProps & Omit<Omit<DetailedHTMLProps<HTMLAttributes<HTMLDivElement>, HTMLDivElement>, "ref"> & { ...; }, "mobile" | ... 123 more ... | "zeroMinWidth">'.
src/features/analytics/contexts/AnalyticsContext.tsx(162,3): error TS2322: Type '{ user: { id: string; name: string; avatar: undefined; }; focusTime: number; sessions: number; lastActive: Date; rank: number; engagement: "low" | "medium" | "high"; contribution: number; }[]' is not assignable to type 'MemberEngagementData[]'.
  Type '{ user: { id: string; name: string; avatar: undefined; }; focusTime: number; sessions: number; lastActive: Date; rank: number; engagement: "low" | "medium" | "high"; contribution: number; }' is not assignable to type 'MemberEngagementData'.
    Types of property 'user' are incompatible.
      Type '{ id: string; name: string; avatar: undefined; }' is missing the following properties from type 'User': email, username, firstName, lastName, and 3 more.
src/features/analytics/hooks/useAnalytics.ts(2,10): error TS2459: Module '"../contexts/AnalyticsContext"' declares 'AnalyticsContext' locally, but it is not exported.
src/features/analytics/hooks/useAnalytics.ts(2,28): error TS2459: Module '"../contexts/AnalyticsContext"' declares 'AnalyticsContextValue' locally, but it is not exported.
src/features/analytics/pages/AnalyticsDemo.tsx(17,18): error TS2769: No overload matches this call.
  Overload 1 of 2, '(props: { component: ElementType<any, keyof IntrinsicElements>; } & ContainerOwnProps & CommonProps & Omit<any, "className" | ... 6 more ... | "disableGutters">): Element | null', gave the following error.
    Type '"xl"' is not assignable to type 'false | Breakpoint | undefined'.
  Overload 2 of 2, '(props: DefaultComponentProps<ContainerTypeMap<{}, "div">>): Element | null', gave the following error.
    Type '"xl"' is not assignable to type 'false | Breakpoint | undefined'.
src/features/analytics/pages/AnalyticsDemo.tsx(42,12): error TS2769: No overload matches this call.
  Overload 1 of 2, '(props: { component: ElementType<any, keyof IntrinsicElements>; } & GridOwnProps & CommonProps & Omit<any, "mobile" | ... 123 more ... | "zeroMinWidth">): Element | null', gave the following error.
    Property 'component' is missing in type '{ children: Element; item: true; xs: number; md: number; }' but required in type '{ component: ElementType<any, keyof IntrinsicElements>; }'.
  Overload 2 of 2, '(props: DefaultComponentProps<GridTypeMap<{}, "div">>): Element | null', gave the following error.
    Type '{ children: Element; item: true; xs: number; md: number; }' is not assignable to type 'IntrinsicAttributes & GridOwnProps & CommonProps & Omit<Omit<DetailedHTMLProps<HTMLAttributes<HTMLDivElement>, HTMLDivElement>, "ref"> & { ...; }, "mobile" | ... 123 more ... | "zeroMinWidth">'.
      Property 'xs' does not exist on type 'IntrinsicAttributes & GridOwnProps & CommonProps & Omit<Omit<DetailedHTMLProps<HTMLAttributes<HTMLDivElement>, HTMLDivElement>, "ref"> & { ...; }, "mobile" | ... 123 more ... | "zeroMinWidth">'.
src/features/analytics/pages/AnalyticsDemo.tsx(54,12): error TS2769: No overload matches this call.
  Overload 1 of 2, '(props: { component: ElementType<any, keyof IntrinsicElements>; } & GridOwnProps & CommonProps & Omit<any, "mobile" | ... 123 more ... | "zeroMinWidth">): Element | null', gave the following error.
    Property 'component' is missing in type '{ children: Element; item: true; xs: number; md: number; }' but required in type '{ component: ElementType<any, keyof IntrinsicElements>; }'.
  Overload 2 of 2, '(props: DefaultComponentProps<GridTypeMap<{}, "div">>): Element | null', gave the following error.
    Type '{ children: Element; item: true; xs: number; md: number; }' is not assignable to type 'IntrinsicAttributes & GridOwnProps & CommonProps & Omit<Omit<DetailedHTMLProps<HTMLAttributes<HTMLDivElement>, HTMLDivElement>, "ref"> & { ...; }, "mobile" | ... 123 more ... | "zeroMinWidth">'.
      Property 'xs' does not exist on type 'IntrinsicAttributes & GridOwnProps & CommonProps & Omit<Omit<DetailedHTMLProps<HTMLAttributes<HTMLDivElement>, HTMLDivElement>, "ref"> & { ...; }, "mobile" | ... 123 more ... | "zeroMinWidth">'.
src/features/analytics/pages/AnalyticsDemo.tsx(66,12): error TS2769: No overload matches this call.
  Overload 1 of 2, '(props: { component: ElementType<any, keyof IntrinsicElements>; } & GridOwnProps & CommonProps & Omit<any, "mobile" | ... 123 more ... | "zeroMinWidth">): Element | null', gave the following error.
    Property 'component' is missing in type '{ children: Element; item: true; xs: number; md: number; }' but required in type '{ component: ElementType<any, keyof IntrinsicElements>; }'.
  Overload 2 of 2, '(props: DefaultComponentProps<GridTypeMap<{}, "div">>): Element | null', gave the following error.
    Type '{ children: Element; item: true; xs: number; md: number; }' is not assignable to type 'IntrinsicAttributes & GridOwnProps & CommonProps & Omit<Omit<DetailedHTMLProps<HTMLAttributes<HTMLDivElement>, HTMLDivElement>, "ref"> & { ...; }, "mobile" | ... 123 more ... | "zeroMinWidth">'.
      Property 'xs' does not exist on type 'IntrinsicAttributes & GridOwnProps & CommonProps & Omit<Omit<DetailedHTMLProps<HTMLAttributes<HTMLDivElement>, HTMLDivElement>, "ref"> & { ...; }, "mobile" | ... 123 more ... | "zeroMinWidth">'.
src/features/analytics/pages/AnalyticsDemo.tsx(93,14): error TS2769: No overload matches this call.
  Overload 1 of 2, '(props: { component: ElementType<any, keyof IntrinsicElements>; } & GridOwnProps & CommonProps & Omit<any, "mobile" | ... 123 more ... | "zeroMinWidth">): Element | null', gave the following error.
    Property 'component' is missing in type '{ children: Element; item: true; xs: number; md: number; }' but required in type '{ component: ElementType<any, keyof IntrinsicElements>; }'.
  Overload 2 of 2, '(props: DefaultComponentProps<GridTypeMap<{}, "div">>): Element | null', gave the following error.
    Type '{ children: Element; item: true; xs: number; md: number; }' is not assignable to type 'IntrinsicAttributes & GridOwnProps & CommonProps & Omit<Omit<DetailedHTMLProps<HTMLAttributes<HTMLDivElement>, HTMLDivElement>, "ref"> & { ...; }, "mobile" | ... 123 more ... | "zeroMinWidth">'.
      Property 'xs' does not exist on type 'IntrinsicAttributes & GridOwnProps & CommonProps & Omit<Omit<DetailedHTMLProps<HTMLAttributes<HTMLDivElement>, HTMLDivElement>, "ref"> & { ...; }, "mobile" | ... 123 more ... | "zeroMinWidth">'.
src/features/analytics/pages/AnalyticsDemo.tsx(105,14): error TS2769: No overload matches this call.
  Overload 1 of 2, '(props: { component: ElementType<any, keyof IntrinsicElements>; } & GridOwnProps & CommonProps & Omit<any, "mobile" | ... 123 more ... | "zeroMinWidth">): Element | null', gave the following error.
    Property 'component' is missing in type '{ children: Element; item: true; xs: number; md: number; }' but required in type '{ component: ElementType<any, keyof IntrinsicElements>; }'.
  Overload 2 of 2, '(props: DefaultComponentProps<GridTypeMap<{}, "div">>): Element | null', gave the following error.
    Type '{ children: Element; item: true; xs: number; md: number; }' is not assignable to type 'IntrinsicAttributes & GridOwnProps & CommonProps & Omit<Omit<DetailedHTMLProps<HTMLAttributes<HTMLDivElement>, HTMLDivElement>, "ref"> & { ...; }, "mobile" | ... 123 more ... | "zeroMinWidth">'.
      Property 'xs' does not exist on type 'IntrinsicAttributes & GridOwnProps & CommonProps & Omit<Omit<DetailedHTMLProps<HTMLAttributes<HTMLDivElement>, HTMLDivElement>, "ref"> & { ...; }, "mobile" | ... 123 more ... | "zeroMinWidth">'.
src/features/analytics/pages/AnalyticsDemo.tsx(117,14): error TS2769: No overload matches this call.
  Overload 1 of 2, '(props: { component: ElementType<any, keyof IntrinsicElements>; } & GridOwnProps & CommonProps & Omit<any, "mobile" | ... 123 more ... | "zeroMinWidth">): Element | null', gave the following error.
    Property 'component' is missing in type '{ children: Element; item: true; xs: number; md: number; }' but required in type '{ component: ElementType<any, keyof IntrinsicElements>; }'.
  Overload 2 of 2, '(props: DefaultComponentProps<GridTypeMap<{}, "div">>): Element | null', gave the following error.
    Type '{ children: Element; item: true; xs: number; md: number; }' is not assignable to type 'IntrinsicAttributes & GridOwnProps & CommonProps & Omit<Omit<DetailedHTMLProps<HTMLAttributes<HTMLDivElement>, HTMLDivElement>, "ref"> & { ...; }, "mobile" | ... 123 more ... | "zeroMinWidth">'.
      Property 'xs' does not exist on type 'IntrinsicAttributes & GridOwnProps & CommonProps & Omit<Omit<DetailedHTMLProps<HTMLAttributes<HTMLDivElement>, HTMLDivElement>, "ref"> & { ...; }, "mobile" | ... 123 more ... | "zeroMinWidth">'.
src/features/analytics/pages/AnalyticsDemo.tsx(129,14): error TS2769: No overload matches this call.
  Overload 1 of 2, '(props: { component: ElementType<any, keyof IntrinsicElements>; } & GridOwnProps & CommonProps & Omit<any, "mobile" | ... 123 more ... | "zeroMinWidth">): Element | null', gave the following error.
    Property 'component' is missing in type '{ children: Element; item: true; xs: number; md: number; }' but required in type '{ component: ElementType<any, keyof IntrinsicElements>; }'.
  Overload 2 of 2, '(props: DefaultComponentProps<GridTypeMap<{}, "div">>): Element | null', gave the following error.
    Type '{ children: Element; item: true; xs: number; md: number; }' is not assignable to type 'IntrinsicAttributes & GridOwnProps & CommonProps & Omit<Omit<DetailedHTMLProps<HTMLAttributes<HTMLDivElement>, HTMLDivElement>, "ref"> & { ...; }, "mobile" | ... 123 more ... | "zeroMinWidth">'.
      Property 'xs' does not exist on type 'IntrinsicAttributes & GridOwnProps & CommonProps & Omit<Omit<DetailedHTMLProps<HTMLAttributes<HTMLDivElement>, HTMLDivElement>, "ref"> & { ...; }, "mobile" | ... 123 more ... | "zeroMinWidth">'.
src/features/analytics/pages/AnalyticsDemo.tsx(150,16): error TS2769: No overload matches this call.
  Overload 1 of 2, '(props: { component: ElementType<any, keyof IntrinsicElements>; } & GridOwnProps & CommonProps & Omit<any, "mobile" | ... 123 more ... | "zeroMinWidth">): Element | null', gave the following error.
    Property 'component' is missing in type '{ children: Element[]; item: true; xs: number; md: number; }' but required in type '{ component: ElementType<any, keyof IntrinsicElements>; }'.
  Overload 2 of 2, '(props: DefaultComponentProps<GridTypeMap<{}, "div">>): Element | null', gave the following error.
    Type '{ children: Element[]; item: true; xs: number; md: number; }' is not assignable to type 'IntrinsicAttributes & GridOwnProps & CommonProps & Omit<Omit<DetailedHTMLProps<HTMLAttributes<HTMLDivElement>, HTMLDivElement>, "ref"> & { ...; }, "mobile" | ... 123 more ... | "zeroMinWidth">'.
      Property 'xs' does not exist on type 'IntrinsicAttributes & GridOwnProps & CommonProps & Omit<Omit<DetailedHTMLProps<HTMLAttributes<HTMLDivElement>, HTMLDivElement>, "ref"> & { ...; }, "mobile" | ... 123 more ... | "zeroMinWidth">'.
src/features/analytics/pages/AnalyticsDemo.tsx(164,16): error TS2769: No overload matches this call.
  Overload 1 of 2, '(props: { component: ElementType<any, keyof IntrinsicElements>; } & GridOwnProps & CommonProps & Omit<any, "mobile" | ... 123 more ... | "zeroMinWidth">): Element | null', gave the following error.
    Property 'component' is missing in type '{ children: Element[]; item: true; xs: number; md: number; }' but required in type '{ component: ElementType<any, keyof IntrinsicElements>; }'.
  Overload 2 of 2, '(props: DefaultComponentProps<GridTypeMap<{}, "div">>): Element | null', gave the following error.
    Type '{ children: Element[]; item: true; xs: number; md: number; }' is not assignable to type 'IntrinsicAttributes & GridOwnProps & CommonProps & Omit<Omit<DetailedHTMLProps<HTMLAttributes<HTMLDivElement>, HTMLDivElement>, "ref"> & { ...; }, "mobile" | ... 123 more ... | "zeroMinWidth">'.
      Property 'xs' does not exist on type 'IntrinsicAttributes & GridOwnProps & CommonProps & Omit<Omit<DetailedHTMLProps<HTMLAttributes<HTMLDivElement>, HTMLDivElement>, "ref"> & { ...; }, "mobile" | ... 123 more ... | "zeroMinWidth">'.
src/features/auth/components/RegisterForm.tsx(178,12): error TS2769: No overload matches this call.
  Overload 1 of 2, '(props: { component: ElementType<any, keyof IntrinsicElements>; } & GridOwnProps & CommonProps & Omit<any, "mobile" | ... 123 more ... | "zeroMinWidth">): Element | null', gave the following error.
    Property 'component' is missing in type '{ children: Element; item: true; xs: number; sm: number; }' but required in type '{ component: ElementType<any, keyof IntrinsicElements>; }'.
  Overload 2 of 2, '(props: DefaultComponentProps<GridTypeMap<{}, "div">>): Element | null', gave the following error.
    Type '{ children: Element; item: true; xs: number; sm: number; }' is not assignable to type 'IntrinsicAttributes & GridOwnProps & CommonProps & Omit<Omit<DetailedHTMLProps<HTMLAttributes<HTMLDivElement>, HTMLDivElement>, "ref"> & { ...; }, "mobile" | ... 123 more ... | "zeroMinWidth">'.
      Property 'xs' does not exist on type 'IntrinsicAttributes & GridOwnProps & CommonProps & Omit<Omit<DetailedHTMLProps<HTMLAttributes<HTMLDivElement>, HTMLDivElement>, "ref"> & { ...; }, "mobile" | ... 123 more ... | "zeroMinWidth">'.
src/features/auth/components/RegisterForm.tsx(199,12): error TS2769: No overload matches this call.
  Overload 1 of 2, '(props: { component: ElementType<any, keyof IntrinsicElements>; } & GridOwnProps & CommonProps & Omit<any, "mobile" | ... 123 more ... | "zeroMinWidth">): Element | null', gave the following error.
    Property 'component' is missing in type '{ children: Element; item: true; xs: number; sm: number; }' but required in type '{ component: ElementType<any, keyof IntrinsicElements>; }'.
  Overload 2 of 2, '(props: DefaultComponentProps<GridTypeMap<{}, "div">>): Element | null', gave the following error.
    Type '{ children: Element; item: true; xs: number; sm: number; }' is not assignable to type 'IntrinsicAttributes & GridOwnProps & CommonProps & Omit<Omit<DetailedHTMLProps<HTMLAttributes<HTMLDivElement>, HTMLDivElement>, "ref"> & { ...; }, "mobile" | ... 123 more ... | "zeroMinWidth">'.
      Property 'xs' does not exist on type 'IntrinsicAttributes & GridOwnProps & CommonProps & Omit<Omit<DetailedHTMLProps<HTMLAttributes<HTMLDivElement>, HTMLDivElement>, "ref"> & { ...; }, "mobile" | ... 123 more ... | "zeroMinWidth">'.
src/features/auth/pages/HomePage.tsx(21,18): error TS2769: No overload matches this call.
  Overload 1 of 2, '(props: { component: ElementType<any, keyof IntrinsicElements>; } & ContainerOwnProps & CommonProps & Omit<any, "className" | ... 6 more ... | "disableGutters">): Element | null', gave the following error.
    Type '"lg"' is not assignable to type 'false | Breakpoint | undefined'.
  Overload 2 of 2, '(props: DefaultComponentProps<ContainerTypeMap<{}, "div">>): Element | null', gave the following error.
    Type '"lg"' is not assignable to type 'false | Breakpoint | undefined'.
src/features/auth/pages/LoginPage.tsx(49,18): error TS2769: No overload matches this call.
  Overload 1 of 2, '(props: { component: ElementType<any, keyof IntrinsicElements>; } & ContainerOwnProps & CommonProps & Omit<any, "className" | ... 6 more ... | "disableGutters">): Element | null', gave the following error.
    Type '"sm"' is not assignable to type 'false | Breakpoint | undefined'.
  Overload 2 of 2, '(props: DefaultComponentProps<ContainerTypeMap<{}, "div">>): Element | null', gave the following error.
    Type '"sm"' is not assignable to type 'false | Breakpoint | undefined'.
src/features/auth/pages/RegisterPage.tsx(47,18): error TS2769: No overload matches this call.
  Overload 1 of 2, '(props: { component: ElementType<any, keyof IntrinsicElements>; } & ContainerOwnProps & CommonProps & Omit<any, "className" | ... 6 more ... | "disableGutters">): Element | null', gave the following error.
    Type '"sm"' is not assignable to type 'false | Breakpoint | undefined'.
  Overload 2 of 2, '(props: DefaultComponentProps<ContainerTypeMap<{}, "div">>): Element | null', gave the following error.
    Type '"sm"' is not assignable to type 'false | Breakpoint | undefined'.
src/features/chat/components/ChatWindow.tsx(338,15): error TS2322: Type 'TypingIndicator[]' is not assignable to type '{ userId: string; user: { name: string; }; }[]'.
  Type 'TypingIndicator' is not assignable to type '{ userId: string; user: { name: string; }; }'.
    Types of property 'user' are incompatible.
      Property 'name' is missing in type 'User' but required in type '{ name: string; }'.
src/features/chat/components/MessageBubble.tsx(246,41): error TS2339: Property 'name' does not exist on type 'User'.
src/features/chat/components/MessageBubble.tsx(262,46): error TS2339: Property 'name' does not exist on type 'User'.
src/features/chat/components/MessageBubble.tsx(423,32): error TS2339: Property 'name' does not exist on type 'User'.
src/features/chat/components/MessageBubble.tsx(432,29): error TS2339: Property 'name' does not exist on type 'User'.
src/features/chat/components/MessageBubble.tsx(454,40): error TS2322: Type '{ children: string; component: string; }' is not assignable to type 'IntrinsicAttributes & TypographyOwnProps & CommonProps & Omit<Omit<DetailedHTMLProps<HTMLAttributes<HTMLSpanElement>, HTMLSpanElement>, "ref"> & { ...; }, "className" | ... 112 more ... | "variantMapping"> & MUIStyledCommonProps<...>'.
  Property 'component' does not exist on type 'IntrinsicAttributes & TypographyOwnProps & CommonProps & Omit<Omit<DetailedHTMLProps<HTMLAttributes<HTMLSpanElement>, HTMLSpanElement>, "ref"> & { ...; }, "className" | ... 112 more ... | "variantMapping"> & MUIStyledCommonProps<...>'.
src/features/chat/components/MessageBubble.tsx(459,40): error TS2322: Type '{ children: string; component: string; }' is not assignable to type 'IntrinsicAttributes & TypographyOwnProps & CommonProps & Omit<Omit<DetailedHTMLProps<HTMLAttributes<HTMLSpanElement>, HTMLSpanElement>, "ref"> & { ...; }, "className" | ... 112 more ... | "variantMapping"> & MUIStyledCommonProps<...>'.
  Property 'component' does not exist on type 'IntrinsicAttributes & TypographyOwnProps & CommonProps & Omit<Omit<DetailedHTMLProps<HTMLAttributes<HTMLSpanElement>, HTMLSpanElement>, "ref"> & { ...; }, "className" | ... 112 more ... | "variantMapping"> & MUIStyledCommonProps<...>'.
src/features/chat/components/MessageInput.tsx(118,35): error TS2503: Cannot find namespace 'NodeJS'.
src/features/chat/components/MessageInput.tsx(257,41): error TS2339: Property 'name' does not exist on type 'User'.
src/features/chat/components/TypingIndicator.tsx(35,7): error TS2451: Cannot redeclare block-scoped variable 'TypingDots'.
src/features/chat/components/TypingIndicator.tsx(90,54): error TS2339: Property 'name' does not exist on type 'User'.
src/features/chat/components/TypingIndicator.tsx(142,59): error TS2339: Property 'name' does not exist on type 'User'.
src/features/chat/components/TypingIndicator.tsx(178,14): error TS2451: Cannot redeclare block-scoped variable 'TypingDots'.
src/features/demo/pages/ResponsiveDemo.tsx(302,22): error TS18046: 'value' is of type 'unknown'.
src/features/demo/pages/ResponsiveDemo.tsx(306,23): error TS2769: No overload matches this call.
  Overload 1 of 2, '(props: { component: ElementType<any, keyof IntrinsicElements>; } & TypographyOwnProps & CommonProps & Omit<any, "className" | ... 112 more ... | "variantMapping">): Element | null', gave the following error.
    Type 'unknown' is not assignable to type 'ReactNode'.
  Overload 2 of 2, '(props: DefaultComponentProps<TypographyTypeMap<{}, "span">>): Element | null', gave the following error.
    Type 'unknown' is not assignable to type 'ReactNode'.
src/features/demo/pages/ResponsiveDemo.tsx(320,23): error TS2769: No overload matches this call.
  Overload 1 of 2, '(props: { component: ElementType<any, keyof IntrinsicElements>; } & ChipOwnProps & CommonProps & Omit<any, "className" | ... 15 more ... | "skipFocusWhenDisabled">): Element | null', gave the following error.
    Type 'unknown' is not assignable to type 'ReactNode'.
  Overload 2 of 2, '(props: DefaultComponentProps<ChipTypeMap<{}, "div">>): Element | null', gave the following error.
    Type 'unknown' is not assignable to type 'ReactNode'.
src/features/demo/pages/ResponsiveDemo.tsx(329,19): error TS2769: No overload matches this call.
  Overload 1 of 2, '(props: { component: ElementType<any, keyof IntrinsicElements>; } & ChipOwnProps & CommonProps & Omit<any, "className" | ... 15 more ... | "skipFocusWhenDisabled">): Element | null', gave the following error.
    Type 'unknown' is not assignable to type 'ReactNode'.
  Overload 2 of 2, '(props: DefaultComponentProps<ChipTypeMap<{}, "div">>): Element | null', gave the following error.
    Type 'unknown' is not assignable to type 'ReactNode'.
src/features/demo/pages/ResponsiveDemo.tsx(340,38): error TS18046: 'value' is of type 'unknown'.
src/features/gamification/components/AchievementBadge.tsx(130,6): error TS2769: No overload matches this call.
  Overload 1 of 2, '(props: { component: ForwardRefComponent<HTMLDivElement, HTMLMotionProps<"div">>; } & CardOwnProps & CommonProps & Omit<...>): Element | null', gave the following error.
    Type '{ initial: { scale: number; opacity: number; rotateY: number; }; animate: { scale: number; opacity: number; rotateY: number; transition: { duration: number; ease: string; rotateY: { duration: number; }; }; }; hover: { ...; }; tap: { ...; }; }' is not assignable to type 'Variants'.
      Property 'animate' is incompatible with index signature.
        Type '{ scale: number; opacity: number; rotateY: number; transition: { duration: number; ease: string; rotateY: { duration: number; }; }; }' is not assignable to type 'Variant'.
          Type '{ scale: number; opacity: number; rotateY: number; transition: { duration: number; ease: string; rotateY: { duration: number; }; }; }' is not assignable to type 'TargetAndTransition'.
            Type '{ scale: number; opacity: number; rotateY: number; transition: { duration: number; ease: string; rotateY: { duration: number; }; }; }' is not assignable to type '{ transition?: Transition<any> | undefined; transitionEnd?: ResolvedValues | undefined; }'.
              Types of property 'transition' are incompatible.
                Type '{ duration: number; ease: string; rotateY: { duration: number; }; }' is not assignable to type 'Transition<any> | undefined'.
                  Type '{ duration: number; ease: string; rotateY: { duration: number; }; }' is not assignable to type 'TransitionWithValueOverrides<any>'.
                    Type '{ duration: number; ease: string; rotateY: { duration: number; }; }' is not assignable to type 'ValueAnimationTransition<any>'.
                      Types of property 'ease' are incompatible.
                        Type 'string' is not assignable to type 'Easing | Easing[] | undefined'.
  Overload 2 of 2, '(props: DefaultComponentProps<CardTypeMap<{}, "div">>): Element | null', gave the following error.
    Type '{ children: (false | 0 | Element | undefined)[]; component: ForwardRefComponent<HTMLDivElement, HTMLMotionProps<"div">>; ... 12 more ...; sx: { ...; }; }' is not assignable to type 'IntrinsicAttributes & CardOwnProps & CommonProps & Omit<Omit<DetailedHTMLProps<HTMLAttributes<HTMLDivElement>, HTMLDivElement>, "ref"> & { ...; }, "className" | ... 7 more ... | "raised">'.
      Property 'component' does not exist on type 'IntrinsicAttributes & CardOwnProps & CommonProps & Omit<Omit<DetailedHTMLProps<HTMLAttributes<HTMLDivElement>, HTMLDivElement>, "ref"> & { ...; }, "className" | ... 7 more ... | "raised">'.
src/features/gamification/components/LeaderboardCard.test.tsx(408,40): error TS2322: Type 'Leaderboard | null' is not assignable to type 'Leaderboard'.
  Type 'null' is not assignable to type 'Leaderboard'.
src/features/gamification/components/PointsDisplay.tsx(16,57): error TS2345: Argument of type '"sm"' is not assignable to parameter of type 'number | Breakpoint'.
src/features/gamification/components/PointsDisplay.tsx(17,57): error TS2345: Argument of type '"md"' is not assignable to parameter of type 'number | Breakpoint'.
src/features/gamification/components/PointsDisplay.tsx(70,6): error TS2769: No overload matches this call.
  Overload 1 of 2, '(props: { component: "div" | ForwardRefComponent<HTMLDivElement, HTMLMotionProps<"div">>; } & CardOwnProps & (CommonProps & (Omit<...> | Omit<...>))): Element | null', gave the following error.
    Type '{ initial: { scale: number; opacity: number; }; animate: { scale: number; opacity: number; transition: { duration: number; ease: string; }; }; exit: { scale: number; opacity: number; }; } | undefined' is not assignable to type 'Variants | undefined'.
      Type '{ initial: { scale: number; opacity: number; }; animate: { scale: number; opacity: number; transition: { duration: number; ease: string; }; }; exit: { scale: number; opacity: number; }; }' is not assignable to type 'Variants'.
        Property 'animate' is incompatible with index signature.
          Type '{ scale: number; opacity: number; transition: { duration: number; ease: string; }; }' is not assignable to type 'Variant'.
            Type '{ scale: number; opacity: number; transition: { duration: number; ease: string; }; }' is not assignable to type 'TargetAndTransition'.
              Type '{ scale: number; opacity: number; transition: { duration: number; ease: string; }; }' is not assignable to type '{ transition?: Transition<any> | undefined; transitionEnd?: ResolvedValues | undefined; }'.
                Types of property 'transition' are incompatible.
                  Type '{ duration: number; ease: string; }' is not assignable to type 'Transition<any> | undefined'.
                    Type '{ duration: number; ease: string; }' is not assignable to type 'TransitionWithValueOverrides<any>'.
                      Type '{ duration: number; ease: string; }' is not assignable to type 'ValueAnimationTransition<any>'.
                        Types of property 'ease' are incompatible.
                          Type 'string' is not assignable to type 'Easing | Easing[] | undefined'.
  Overload 2 of 2, '(props: DefaultComponentProps<CardTypeMap<{}, "div">>): Element | null', gave the following error.
    Type '{ children: (false | Element)[]; component: string | ForwardRefComponent<HTMLDivElement, HTMLMotionProps<"div">>; ... 9 more ...; sx: { ...; }; }' is not assignable to type 'IntrinsicAttributes & CardOwnProps & CommonProps & Omit<Omit<DetailedHTMLProps<HTMLAttributes<HTMLDivElement>, HTMLDivElement>, "ref"> & { ...; }, "className" | ... 7 more ... | "raised">'.
      Property 'component' does not exist on type 'IntrinsicAttributes & CardOwnProps & CommonProps & Omit<Omit<DetailedHTMLProps<HTMLAttributes<HTMLDivElement>, HTMLDivElement>, "ref"> & { ...; }, "className" | ... 7 more ... | "raised">'.
src/features/gamification/components/StreakCounter.test.tsx(323,9): error TS2322: Type 'Date | undefined' is not assignable to type 'Date'.
  Type 'undefined' is not assignable to type 'Date'.
src/features/gamification/components/StreakCounter.tsx(134,6): error TS2769: No overload matches this call.
  Overload 1 of 2, '(props: { component: ForwardRefComponent<HTMLDivElement, HTMLMotionProps<"div">>; } & CardOwnProps & CommonProps & Omit<...>): Element | null', gave the following error.
    Type '{ initial: { scale: number; opacity: number; }; animate: { scale: number; opacity: number; transition: { duration: number; ease: string; }; }; newRecord: { scale: number[]; boxShadow: string[]; transition: { duration: number; repeat: number; repeatDelay: number; }; }; }' is not assignable to type 'Variants'.
      Property 'animate' is incompatible with index signature.
        Type '{ scale: number; opacity: number; transition: { duration: number; ease: string; }; }' is not assignable to type 'Variant'.
          Type '{ scale: number; opacity: number; transition: { duration: number; ease: string; }; }' is not assignable to type 'TargetAndTransition'.
            Type '{ scale: number; opacity: number; transition: { duration: number; ease: string; }; }' is not assignable to type '{ transition?: Transition<any> | undefined; transitionEnd?: ResolvedValues | undefined; }'.
              Types of property 'transition' are incompatible.
                Type '{ duration: number; ease: string; }' is not assignable to type 'Transition<any> | undefined'.
                  Type '{ duration: number; ease: string; }' is not assignable to type 'TransitionWithValueOverrides<any>'.
                    Type '{ duration: number; ease: string; }' is not assignable to type 'ValueAnimationTransition<any>'.
                      Types of property 'ease' are incompatible.
                        Type 'string' is not assignable to type 'Easing | Easing[] | undefined'.
  Overload 2 of 2, '(props: DefaultComponentProps<CardTypeMap<{}, "div">>): Element | null', gave the following error.
    Type '{ children: (false | Element)[]; component: ForwardRefComponent<HTMLDivElement, HTMLMotionProps<"div">>; variants: { ...; }; ... 6 more ...; sx: { ...; } | { ...; }; }' is not assignable to type 'IntrinsicAttributes & CardOwnProps & CommonProps & Omit<Omit<DetailedHTMLProps<HTMLAttributes<HTMLDivElement>, HTMLDivElement>, "ref"> & { ...; }, "className" | ... 7 more ... | "raised">'.
      Property 'component' does not exist on type 'IntrinsicAttributes & CardOwnProps & CommonProps & Omit<Omit<DetailedHTMLProps<HTMLAttributes<HTMLDivElement>, HTMLDivElement>, "ref"> & { ...; }, "className" | ... 7 more ... | "raised">'.
src/features/gamification/contexts/GamificationContext.test.tsx(577,7): error TS2304: Cannot find name 'global'.
src/features/gamification/contexts/GamificationContext.test.tsx(577,26): error TS2352: Conversion of type 'Mock<[], { send: Mock<any, any>; close: Mock<any, any>; addEventListener: Mock<any, any>; removeEventListener: Mock<any, any>; }>' to type '{ new (url: string | URL, protocols?: string | string[] | undefined): WebSocket; prototype: WebSocket; readonly CONNECTING: 0; readonly OPEN: 1; readonly CLOSING: 2; readonly CLOSED: 3; }' may be a mistake because neither type sufficiently overlaps with the other. If this was intentional, convert the expression to 'unknown' first.
  Type 'Mock<[], { send: Mock<any, any>; close: Mock<any, any>; addEventListener: Mock<any, any>; removeEventListener: Mock<any, any>; }>' is missing the following properties from type '{ new (url: string | URL, protocols?: string | string[] | undefined): WebSocket; prototype: WebSocket; readonly CONNECTING: 0; readonly OPEN: 1; readonly CLOSING: 2; readonly CLOSED: 3; }': CONNECTING, OPEN, CLOSING, CLOSED
src/features/gamification/pages/GamificationDemo.tsx(172,16): error TS2769: No overload matches this call.
  Overload 1 of 2, '(props: { component: ElementType<any, keyof IntrinsicElements>; } & ContainerOwnProps & CommonProps & Omit<any, "className" | ... 6 more ... | "disableGutters">): Element | null', gave the following error.
    Type '"lg"' is not assignable to type 'false | Breakpoint | undefined'.
  Overload 2 of 2, '(props: DefaultComponentProps<ContainerTypeMap<{}, "div">>): Element | null', gave the following error.
    Type '"lg"' is not assignable to type 'false | Breakpoint | undefined'.
src/features/gamification/pages/GamificationDemo.tsx(193,12): error TS2769: No overload matches this call.
  Overload 1 of 2, '(props: { component: ElementType<any, keyof IntrinsicElements>; } & GridOwnProps & CommonProps & Omit<any, "mobile" | ... 123 more ... | "zeroMinWidth">): Element | null', gave the following error.
    Property 'component' is missing in type '{ children: Element; item: true; xs: number; md: number; }' but required in type '{ component: ElementType<any, keyof IntrinsicElements>; }'.
  Overload 2 of 2, '(props: DefaultComponentProps<GridTypeMap<{}, "div">>): Element | null', gave the following error.
    Type '{ children: Element; item: true; xs: number; md: number; }' is not assignable to type 'IntrinsicAttributes & GridOwnProps & CommonProps & Omit<Omit<DetailedHTMLProps<HTMLAttributes<HTMLDivElement>, HTMLDivElement>, "ref"> & { ...; }, "mobile" | ... 123 more ... | "zeroMinWidth">'.
      Property 'xs' does not exist on type 'IntrinsicAttributes & GridOwnProps & CommonProps & Omit<Omit<DetailedHTMLProps<HTMLAttributes<HTMLDivElement>, HTMLDivElement>, "ref"> & { ...; }, "mobile" | ... 123 more ... | "zeroMinWidth">'.
src/features/gamification/pages/GamificationDemo.tsx(201,12): error TS2769: No overload matches this call.
  Overload 1 of 2, '(props: { component: ElementType<any, keyof IntrinsicElements>; } & GridOwnProps & CommonProps & Omit<any, "mobile" | ... 123 more ... | "zeroMinWidth">): Element | null', gave the following error.
    Property 'component' is missing in type '{ children: Element; item: true; xs: number; md: number; }' but required in type '{ component: ElementType<any, keyof IntrinsicElements>; }'.
  Overload 2 of 2, '(props: DefaultComponentProps<GridTypeMap<{}, "div">>): Element | null', gave the following error.
    Type '{ children: Element; item: true; xs: number; md: number; }' is not assignable to type 'IntrinsicAttributes & GridOwnProps & CommonProps & Omit<Omit<DetailedHTMLProps<HTMLAttributes<HTMLDivElement>, HTMLDivElement>, "ref"> & { ...; }, "mobile" | ... 123 more ... | "zeroMinWidth">'.
      Property 'xs' does not exist on type 'IntrinsicAttributes & GridOwnProps & CommonProps & Omit<Omit<DetailedHTMLProps<HTMLAttributes<HTMLDivElement>, HTMLDivElement>, "ref"> & { ...; }, "mobile" | ... 123 more ... | "zeroMinWidth">'.
src/features/gamification/pages/GamificationDemo.tsx(207,12): error TS2769: No overload matches this call.
  Overload 1 of 2, '(props: { component: ElementType<any, keyof IntrinsicElements>; } & GridOwnProps & CommonProps & Omit<any, "mobile" | ... 123 more ... | "zeroMinWidth">): Element | null', gave the following error.
    Property 'component' is missing in type '{ children: Element; item: true; xs: number; md: number; }' but required in type '{ component: ElementType<any, keyof IntrinsicElements>; }'.
  Overload 2 of 2, '(props: DefaultComponentProps<GridTypeMap<{}, "div">>): Element | null', gave the following error.
    Type '{ children: Element; item: true; xs: number; md: number; }' is not assignable to type 'IntrinsicAttributes & GridOwnProps & CommonProps & Omit<Omit<DetailedHTMLProps<HTMLAttributes<HTMLDivElement>, HTMLDivElement>, "ref"> & { ...; }, "mobile" | ... 123 more ... | "zeroMinWidth">'.
      Property 'xs' does not exist on type 'IntrinsicAttributes & GridOwnProps & CommonProps & Omit<Omit<DetailedHTMLProps<HTMLAttributes<HTMLDivElement>, HTMLDivElement>, "ref"> & { ...; }, "mobile" | ... 123 more ... | "zeroMinWidth">'.
src/features/gamification/pages/GamificationDemo.tsx(231,14): error TS2769: No overload matches this call.
  Overload 1 of 2, '(props: { component: ElementType<any, keyof IntrinsicElements>; } & GridOwnProps & CommonProps & Omit<any, "mobile" | ... 123 more ... | "zeroMinWidth">): Element | null', gave the following error.
    Property 'component' is missing in type '{ children: Element; item: true; xs: number; sm: number; md: number; key: string; }' but required in type '{ component: ElementType<any, keyof IntrinsicElements>; }'.
  Overload 2 of 2, '(props: DefaultComponentProps<GridTypeMap<{}, "div">>): Element | null', gave the following error.
    Type '{ children: Element; item: true; xs: number; sm: number; md: number; key: string; }' is not assignable to type 'IntrinsicAttributes & GridOwnProps & CommonProps & Omit<Omit<DetailedHTMLProps<HTMLAttributes<HTMLDivElement>, HTMLDivElement>, "ref"> & { ...; }, "mobile" | ... 123 more ... | "zeroMinWidth">'.
      Property 'xs' does not exist on type 'IntrinsicAttributes & GridOwnProps & CommonProps & Omit<Omit<DetailedHTMLProps<HTMLAttributes<HTMLDivElement>, HTMLDivElement>, "ref"> & { ...; }, "mobile" | ... 123 more ... | "zeroMinWidth">'.
src/features/gamification/pages/GamificationDemo.tsx(262,14): error TS2769: No overload matches this call.
  Overload 1 of 2, '(props: { component: ElementType<any, keyof IntrinsicElements>; } & GridOwnProps & CommonProps & Omit<any, "mobile" | ... 123 more ... | "zeroMinWidth">): Element | null', gave the following error.
    Property 'component' is missing in type '{ children: Element; item: true; xs: number; md: number; key: string; }' but required in type '{ component: ElementType<any, keyof IntrinsicElements>; }'.
  Overload 2 of 2, '(props: DefaultComponentProps<GridTypeMap<{}, "div">>): Element | null', gave the following error.
    Type '{ children: Element; item: true; xs: number; md: number; key: string; }' is not assignable to type 'IntrinsicAttributes & GridOwnProps & CommonProps & Omit<Omit<DetailedHTMLProps<HTMLAttributes<HTMLDivElement>, HTMLDivElement>, "ref"> & { ...; }, "mobile" | ... 123 more ... | "zeroMinWidth">'.
      Property 'xs' does not exist on type 'IntrinsicAttributes & GridOwnProps & CommonProps & Omit<Omit<DetailedHTMLProps<HTMLAttributes<HTMLDivElement>, HTMLDivElement>, "ref"> & { ...; }, "mobile" | ... 123 more ... | "zeroMinWidth">'.
src/features/gamification/pages/GamificationDemo.tsx(277,14): error TS2769: No overload matches this call.
  Overload 1 of 2, '(props: { component: ElementType<any, keyof IntrinsicElements>; } & GridOwnProps & CommonProps & Omit<any, "mobile" | ... 123 more ... | "zeroMinWidth">): Element | null', gave the following error.
    Property 'component' is missing in type '{ children: Element; item: true; xs: number; md: number; }' but required in type '{ component: ElementType<any, keyof IntrinsicElements>; }'.
  Overload 2 of 2, '(props: DefaultComponentProps<GridTypeMap<{}, "div">>): Element | null', gave the following error.
    Type '{ children: Element; item: true; xs: number; md: number; }' is not assignable to type 'IntrinsicAttributes & GridOwnProps & CommonProps & Omit<Omit<DetailedHTMLProps<HTMLAttributes<HTMLDivElement>, HTMLDivElement>, "ref"> & { ...; }, "mobile" | ... 123 more ... | "zeroMinWidth">'.
      Property 'xs' does not exist on type 'IntrinsicAttributes & GridOwnProps & CommonProps & Omit<Omit<DetailedHTMLProps<HTMLAttributes<HTMLDivElement>, HTMLDivElement>, "ref"> & { ...; }, "mobile" | ... 123 more ... | "zeroMinWidth">'.
src/features/gamification/pages/GamificationDemo.tsx(283,14): error TS2769: No overload matches this call.
  Overload 1 of 2, '(props: { component: ElementType<any, keyof IntrinsicElements>; } & GridOwnProps & CommonProps & Omit<any, "mobile" | ... 123 more ... | "zeroMinWidth">): Element | null', gave the following error.
    Property 'component' is missing in type '{ children: Element; item: true; xs: number; md: number; }' but required in type '{ component: ElementType<any, keyof IntrinsicElements>; }'.
  Overload 2 of 2, '(props: DefaultComponentProps<GridTypeMap<{}, "div">>): Element | null', gave the following error.
    Type '{ children: Element; item: true; xs: number; md: number; }' is not assignable to type 'IntrinsicAttributes & GridOwnProps & CommonProps & Omit<Omit<DetailedHTMLProps<HTMLAttributes<HTMLDivElement>, HTMLDivElement>, "ref"> & { ...; }, "mobile" | ... 123 more ... | "zeroMinWidth">'.
      Property 'xs' does not exist on type 'IntrinsicAttributes & GridOwnProps & CommonProps & Omit<Omit<DetailedHTMLProps<HTMLAttributes<HTMLDivElement>, HTMLDivElement>, "ref"> & { ...; }, "mobile" | ... 123 more ... | "zeroMinWidth">'.
src/features/gamification/pages/GamificationDemo.tsx(312,12): error TS2769: No overload matches this call.
  Overload 1 of 2, '(props: { component: ElementType<any, keyof IntrinsicElements>; } & GridOwnProps & CommonProps & Omit<any, "mobile" | ... 123 more ... | "zeroMinWidth">): Element | null', gave the following error.
    Property 'component' is missing in type '{ children: Element; item: true; xs: number; md: number; }' but required in type '{ component: ElementType<any, keyof IntrinsicElements>; }'.
  Overload 2 of 2, '(props: DefaultComponentProps<GridTypeMap<{}, "div">>): Element | null', gave the following error.
    Type '{ children: Element; item: true; xs: number; md: number; }' is not assignable to type 'IntrinsicAttributes & GridOwnProps & CommonProps & Omit<Omit<DetailedHTMLProps<HTMLAttributes<HTMLDivElement>, HTMLDivElement>, "ref"> & { ...; }, "mobile" | ... 123 more ... | "zeroMinWidth">'.
      Property 'xs' does not exist on type 'IntrinsicAttributes & GridOwnProps & CommonProps & Omit<Omit<DetailedHTMLProps<HTMLAttributes<HTMLDivElement>, HTMLDivElement>, "ref"> & { ...; }, "mobile" | ... 123 more ... | "zeroMinWidth">'.
src/features/gamification/pages/GamificationDemo.tsx(319,12): error TS2769: No overload matches this call.
  Overload 1 of 2, '(props: { component: ElementType<any, keyof IntrinsicElements>; } & GridOwnProps & CommonProps & Omit<any, "mobile" | ... 123 more ... | "zeroMinWidth">): Element | null', gave the following error.
    Property 'component' is missing in type '{ children: Element; item: true; xs: number; md: number; }' but required in type '{ component: ElementType<any, keyof IntrinsicElements>; }'.
  Overload 2 of 2, '(props: DefaultComponentProps<GridTypeMap<{}, "div">>): Element | null', gave the following error.
    Type '{ children: Element; item: true; xs: number; md: number; }' is not assignable to type 'IntrinsicAttributes & GridOwnProps & CommonProps & Omit<Omit<DetailedHTMLProps<HTMLAttributes<HTMLDivElement>, HTMLDivElement>, "ref"> & { ...; }, "mobile" | ... 123 more ... | "zeroMinWidth">'.
      Property 'xs' does not exist on type 'IntrinsicAttributes & GridOwnProps & CommonProps & Omit<Omit<DetailedHTMLProps<HTMLAttributes<HTMLDivElement>, HTMLDivElement>, "ref"> & { ...; }, "mobile" | ... 123 more ... | "zeroMinWidth">'.
src/features/gamification/utils/gamificationUtils.test.ts(509,37): error TS2345: Argument of type 'string' is not assignable to parameter of type 'StreakType | null'.
src/features/gamification/utils/gamificationUtils.test.ts(519,42): error TS2345: Argument of type 'object' is not assignable to parameter of type 'Achievement'.
  Type '{}' is missing the following properties from type 'Achievement': id, title, description, icon, and 4 more.
src/features/gamification/utils/gamificationUtils.test.ts(520,43): error TS2345: Argument of type 'object' is not assignable to parameter of type 'Achievement'.
  Type '{}' is missing the following properties from type 'Achievement': id, title, description, icon, and 4 more.
src/features/hive/components/CreateHiveForm.tsx(142,9): error TS6133: '_handleAddCustomTag' is declared but its value is never read.
src/features/hive/components/CreateHiveForm.tsx(232,17): error TS2322: Type '(event: React.ChangeEvent<HTMLInputElement>) => void' is not assignable to type '(event: SelectChangeEvent<number>, child: ReactNode) => void'.
  Types of parameters 'event' and 'event' are incompatible.
    Type 'SelectChangeEvent<number>' is not assignable to type 'ChangeEvent<HTMLInputElement>'.
      Type 'Event & { target: { value: number; name: string; }; }' is missing the following properties from type 'ChangeEvent<HTMLInputElement>': nativeEvent, isDefaultPrevented, isPropagationStopped, persist
src/features/hive/components/CreateHiveForm.tsx(338,17): error TS2322: Type '(event: React.ChangeEvent<HTMLInputElement>) => void' is not assignable to type '(event: SelectChangeEvent<"pomodoro" | "continuous" | "flexible">, child: ReactNode) => void'.
  Types of parameters 'event' and 'event' are incompatible.
    Type 'SelectChangeEvent<"pomodoro" | "continuous" | "flexible">' is not assignable to type 'ChangeEvent<HTMLInputElement>'.
      Type 'Event & { target: { value: "pomodoro" | "continuous" | "flexible"; name: string; }; }' is missing the following properties from type 'ChangeEvent<HTMLInputElement>': nativeEvent, isDefaultPrevented, isPropagationStopped, persist
src/features/hive/components/CreateHiveForm.tsx(439,7): error TS2322: Type '"md"' is not assignable to type 'false | Breakpoint | undefined'.
src/features/hive/components/HiveCard.tsx(104,34): error TS2339: Property 'profilePicture' does not exist on type 'User'.
src/features/hive/components/HiveList.tsx(46,25): error TS2304: Cannot find name 'CreateHiveRequest'.
src/features/hive/components/HiveList.tsx(75,57): error TS2345: Argument of type '"md"' is not assignable to parameter of type 'number | Breakpoint'.
src/features/hive/components/HiveList.tsx(171,39): error TS2304: Cannot find name 'CreateHiveRequest'.
src/features/hive/components/HiveList.tsx(179,10): error TS2769: No overload matches this call.
  Overload 1 of 2, '(props: { component: ElementType<any, keyof IntrinsicElements>; } & GridOwnProps & CommonProps & Omit<any, "mobile" | ... 123 more ... | "zeroMinWidth">): Element | null', gave the following error.
    Property 'component' is missing in type '{ children: Element; item: true; xs: number; sm: number; md: number; key: number; }' but required in type '{ component: ElementType<any, keyof IntrinsicElements>; }'.
  Overload 2 of 2, '(props: DefaultComponentProps<GridTypeMap<{}, "div">>): Element | null', gave the following error.
    Type '{ children: Element; item: true; xs: number; sm: number; md: number; key: number; }' is not assignable to type 'IntrinsicAttributes & GridOwnProps & CommonProps & Omit<Omit<DetailedHTMLProps<HTMLAttributes<HTMLDivElement>, HTMLDivElement>, "ref"> & { ...; }, "mobile" | ... 123 more ... | "zeroMinWidth">'.
      Property 'xs' does not exist on type 'IntrinsicAttributes & GridOwnProps & CommonProps & Omit<Omit<DetailedHTMLProps<HTMLAttributes<HTMLDivElement>, HTMLDivElement>, "ref"> & { ...; }, "mobile" | ... 123 more ... | "zeroMinWidth">'.
src/features/hive/components/HiveList.tsx(369,14): error TS2769: No overload matches this call.
  Overload 1 of 2, '(props: { component: ElementType<any, keyof IntrinsicElements>; } & GridOwnProps & CommonProps & Omit<any, "mobile" | ... 123 more ... | "zeroMinWidth">): Element | null', gave the following error.
    Property 'component' is missing in type '{ children: Element; item: true; xs: number; sm: number; md: number; lg: number; key: string; }' but required in type '{ component: ElementType<any, keyof IntrinsicElements>; }'.
  Overload 2 of 2, '(props: DefaultComponentProps<GridTypeMap<{}, "div">>): Element | null', gave the following error.
    Type '{ children: Element; item: true; xs: number; sm: number; md: number; lg: number; key: string; }' is not assignable to type 'IntrinsicAttributes & GridOwnProps & CommonProps & Omit<Omit<DetailedHTMLProps<HTMLAttributes<HTMLDivElement>, HTMLDivElement>, "ref"> & { ...; }, "mobile" | ... 123 more ... | "zeroMinWidth">'.
      Property 'xs' does not exist on type 'IntrinsicAttributes & GridOwnProps & CommonProps & Omit<Omit<DetailedHTMLProps<HTMLAttributes<HTMLDivElement>, HTMLDivElement>, "ref"> & { ...; }, "mobile" | ... 123 more ... | "zeroMinWidth">'.
src/features/hive/components/JoinHiveButton.tsx(116,9): error TS2322: Type '"sm"' is not assignable to type 'false | Breakpoint | undefined'.
src/features/hive/pages/DashboardPage.tsx(34,7): error TS2353: Object literal may only specify known properties, and 'profilePicture' does not exist in type 'User'.
src/features/hive/pages/DashboardPage.tsx(64,7): error TS2353: Object literal may only specify known properties, and 'profilePicture' does not exist in type 'User'.
src/features/hive/pages/DashboardPage.tsx(94,7): error TS2353: Object literal may only specify known properties, and 'profilePicture' does not exist in type 'User'.
src/features/hive/pages/DashboardPage.tsx(126,9): error TS2353: Object literal may only specify known properties, and 'profilePicture' does not exist in type 'User'.
src/features/hive/pages/DashboardPage.tsx(153,9): error TS2353: Object literal may only specify known properties, and 'profilePicture' does not exist in type 'User'.
src/features/hive/pages/DashboardPage.tsx(179,9): error TS2353: Object literal may only specify known properties, and 'profilePicture' does not exist in type 'User'.
src/features/hive/pages/DashboardPage.tsx(280,10): error TS2769: No overload matches this call.
  Overload 1 of 2, '(props: { component: ElementType<any, keyof IntrinsicElements>; } & GridOwnProps & CommonProps & Omit<any, "mobile" | ... 123 more ... | "zeroMinWidth">): Element | null', gave the following error.
    Property 'component' is missing in type '{ children: Element; item: true; xs: number; sm: number; md: number; }' but required in type '{ component: ElementType<any, keyof IntrinsicElements>; }'.
  Overload 2 of 2, '(props: DefaultComponentProps<GridTypeMap<{}, "div">>): Element | null', gave the following error.
    Type '{ children: Element; item: true; xs: number; sm: number; md: number; }' is not assignable to type 'IntrinsicAttributes & GridOwnProps & CommonProps & Omit<Omit<DetailedHTMLProps<HTMLAttributes<HTMLDivElement>, HTMLDivElement>, "ref"> & { ...; }, "mobile" | ... 123 more ... | "zeroMinWidth">'.
      Property 'xs' does not exist on type 'IntrinsicAttributes & GridOwnProps & CommonProps & Omit<Omit<DetailedHTMLProps<HTMLAttributes<HTMLDivElement>, HTMLDivElement>, "ref"> & { ...; }, "mobile" | ... 123 more ... | "zeroMinWidth">'.
src/features/hive/pages/DashboardPage.tsx(311,10): error TS2769: No overload matches this call.
  Overload 1 of 2, '(props: { component: ElementType<any, keyof IntrinsicElements>; } & GridOwnProps & CommonProps & Omit<any, "mobile" | ... 123 more ... | "zeroMinWidth">): Element | null', gave the following error.
    Property 'component' is missing in type '{ children: Element; item: true; xs: number; sm: number; md: number; }' but required in type '{ component: ElementType<any, keyof IntrinsicElements>; }'.
  Overload 2 of 2, '(props: DefaultComponentProps<GridTypeMap<{}, "div">>): Element | null', gave the following error.
    Type '{ children: Element; item: true; xs: number; sm: number; md: number; }' is not assignable to type 'IntrinsicAttributes & GridOwnProps & CommonProps & Omit<Omit<DetailedHTMLProps<HTMLAttributes<HTMLDivElement>, HTMLDivElement>, "ref"> & { ...; }, "mobile" | ... 123 more ... | "zeroMinWidth">'.
      Property 'xs' does not exist on type 'IntrinsicAttributes & GridOwnProps & CommonProps & Omit<Omit<DetailedHTMLProps<HTMLAttributes<HTMLDivElement>, HTMLDivElement>, "ref"> & { ...; }, "mobile" | ... 123 more ... | "zeroMinWidth">'.
src/features/hive/pages/DashboardPage.tsx(332,10): error TS2769: No overload matches this call.
  Overload 1 of 2, '(props: { component: ElementType<any, keyof IntrinsicElements>; } & GridOwnProps & CommonProps & Omit<any, "mobile" | ... 123 more ... | "zeroMinWidth">): Element | null', gave the following error.
    Property 'component' is missing in type '{ children: Element; item: true; xs: number; sm: number; md: number; }' but required in type '{ component: ElementType<any, keyof IntrinsicElements>; }'.
  Overload 2 of 2, '(props: DefaultComponentProps<GridTypeMap<{}, "div">>): Element | null', gave the following error.
    Type '{ children: Element; item: true; xs: number; sm: number; md: number; }' is not assignable to type 'IntrinsicAttributes & GridOwnProps & CommonProps & Omit<Omit<DetailedHTMLProps<HTMLAttributes<HTMLDivElement>, HTMLDivElement>, "ref"> & { ...; }, "mobile" | ... 123 more ... | "zeroMinWidth">'.
      Property 'xs' does not exist on type 'IntrinsicAttributes & GridOwnProps & CommonProps & Omit<Omit<DetailedHTMLProps<HTMLAttributes<HTMLDivElement>, HTMLDivElement>, "ref"> & { ...; }, "mobile" | ... 123 more ... | "zeroMinWidth">'.
src/features/hive/pages/DashboardPage.tsx(353,10): error TS2769: No overload matches this call.
  Overload 1 of 2, '(props: { component: ElementType<any, keyof IntrinsicElements>; } & GridOwnProps & CommonProps & Omit<any, "mobile" | ... 123 more ... | "zeroMinWidth">): Element | null', gave the following error.
    Property 'component' is missing in type '{ children: Element; item: true; xs: number; sm: number; md: number; }' but required in type '{ component: ElementType<any, keyof IntrinsicElements>; }'.
  Overload 2 of 2, '(props: DefaultComponentProps<GridTypeMap<{}, "div">>): Element | null', gave the following error.
    Type '{ children: Element; item: true; xs: number; sm: number; md: number; }' is not assignable to type 'IntrinsicAttributes & GridOwnProps & CommonProps & Omit<Omit<DetailedHTMLProps<HTMLAttributes<HTMLDivElement>, HTMLDivElement>, "ref"> & { ...; }, "mobile" | ... 123 more ... | "zeroMinWidth">'.
      Property 'xs' does not exist on type 'IntrinsicAttributes & GridOwnProps & CommonProps & Omit<Omit<DetailedHTMLProps<HTMLAttributes<HTMLDivElement>, HTMLDivElement>, "ref"> & { ...; }, "mobile" | ... 123 more ... | "zeroMinWidth">'.
src/features/hive/pages/DiscoverPage.tsx(27,7): error TS2353: Object literal may only specify known properties, and 'profilePicture' does not exist in type 'User'.
src/features/hive/pages/DiscoverPage.tsx(57,7): error TS2353: Object literal may only specify known properties, and 'profilePicture' does not exist in type 'User'.
src/features/hive/pages/DiscoverPage.tsx(87,7): error TS2353: Object literal may only specify known properties, and 'profilePicture' does not exist in type 'User'.
src/features/hive/pages/DiscoverPage.tsx(117,7): error TS2353: Object literal may only specify known properties, and 'profilePicture' does not exist in type 'User'.
src/features/hive/pages/DiscoverPage.tsx(147,7): error TS2353: Object literal may only specify known properties, and 'profilePicture' does not exist in type 'User'.
src/features/hive/pages/index.ts(2,21): error TS2300: Duplicate identifier 'DashboardPage'.
src/features/hive/pages/index.ts(3,21): error TS2300: Duplicate identifier 'DiscoverPage'.
src/features/hive/pages/index.ts(6,10): error TS2300: Duplicate identifier 'DashboardPage'.
src/features/hive/pages/index.ts(6,10): error TS2304: Cannot find name 'DashboardPage'.
src/features/hive/pages/index.ts(6,25): error TS2300: Duplicate identifier 'DiscoverPage'.
src/features/hive/pages/index.ts(6,25): error TS2304: Cannot find name 'DiscoverPage'.
src/features/presence/components/ActiveUsersList.tsx(20,10): error TS2614: Module '"./UserStatusBadge"' has no exported member 'UserStatusBadge'. Did you mean to use 'import UserStatusBadge from "./UserStatusBadge"' instead?
src/features/presence/components/ActiveUsersList.tsx(134,27): error TS2339: Property 'name' does not exist on type 'User'.
src/features/presence/components/ActiveUsersList.tsx(143,26): error TS2339: Property 'name' does not exist on type 'User'.
src/features/presence/components/ActiveUsersList.tsx(208,29): error TS2339: Property 'name' does not exist on type 'User'.
src/features/presence/components/ActiveUsersList.tsx(210,13): error TS2322: Type '(e: any) => void' is not assignable to type '() => void'.
  Target signature provides too few arguments. Expected 1 or more, but got 0.
src/features/presence/components/ActiveUsersList.tsx(210,23): error TS7006: Parameter 'e' implicitly has an 'any' type.
src/features/presence/components/ActiveUsersList.tsx(299,27): error TS2339: Property 'name' does not exist on type 'User'.
src/features/presence/components/HivePresencePanel.tsx(31,10): error TS2724: '"./ActiveUsersList"' has no exported member named 'ActiveUsersList'. Did you mean 'ActiveUsersInline'?
src/features/presence/components/HivePresencePanel.tsx(138,30): error TS2339: Property 'name' does not exist on type 'User'.
src/features/presence/components/HivePresencePanel.tsx(140,30): error TS2339: Property 'name' does not exist on type 'User'.
src/features/presence/components/HivePresencePanel.tsx(142,30): error TS2339: Property 'name' does not exist on type 'User'.
src/features/presence/components/HivePresencePanel.tsx(144,30): error TS2339: Property 'name' does not exist on type 'User'.
src/features/presence/components/HivePresencePanel.tsx(146,30): error TS2339: Property 'name' does not exist on type 'User'.
src/features/presence/components/HivePresencePanel.tsx(148,30): error TS2339: Property 'name' does not exist on type 'User'.
src/features/presence/components/HivePresencePanel.tsx(150,30): error TS2339: Property 'name' does not exist on type 'User'.
src/features/presence/components/HivePresencePanel.tsx(150,49): error TS2339: Property 'replace' does not exist on type 'never'.
src/features/presence/components/HivePresencePanel.tsx(156,8): error TS2769: No overload matches this call.
  Overload 1 of 2, '(props: { component: ElementType<any, keyof IntrinsicElements>; } & GridOwnProps & CommonProps & Omit<any, "mobile" | ... 123 more ... | "zeroMinWidth">): Element | null', gave the following error.
    Property 'component' is missing in type '{ children: Element; item: true; xs: number; }' but required in type '{ component: ElementType<any, keyof IntrinsicElements>; }'.
  Overload 2 of 2, '(props: DefaultComponentProps<GridTypeMap<{}, "div">>): Element | null', gave the following error.
    Type '{ children: Element; item: true; xs: number; }' is not assignable to type 'IntrinsicAttributes & GridOwnProps & CommonProps & Omit<Omit<DetailedHTMLProps<HTMLAttributes<HTMLDivElement>, HTMLDivElement>, "ref"> & { ...; }, "mobile" | ... 123 more ... | "zeroMinWidth">'.
      Property 'xs' does not exist on type 'IntrinsicAttributes & GridOwnProps & CommonProps & Omit<Omit<DetailedHTMLProps<HTMLAttributes<HTMLDivElement>, HTMLDivElement>, "ref"> & { ...; }, "mobile" | ... 123 more ... | "zeroMinWidth">'.
src/features/presence/components/HivePresencePanel.tsx(166,8): error TS2769: No overload matches this call.
  Overload 1 of 2, '(props: { component: ElementType<any, keyof IntrinsicElements>; } & GridOwnProps & CommonProps & Omit<any, "mobile" | ... 123 more ... | "zeroMinWidth">): Element | null', gave the following error.
    Property 'component' is missing in type '{ children: Element; item: true; xs: number; }' but required in type '{ component: ElementType<any, keyof IntrinsicElements>; }'.
  Overload 2 of 2, '(props: DefaultComponentProps<GridTypeMap<{}, "div">>): Element | null', gave the following error.
    Type '{ children: Element; item: true; xs: number; }' is not assignable to type 'IntrinsicAttributes & GridOwnProps & CommonProps & Omit<Omit<DetailedHTMLProps<HTMLAttributes<HTMLDivElement>, HTMLDivElement>, "ref"> & { ...; }, "mobile" | ... 123 more ... | "zeroMinWidth">'.
      Property 'xs' does not exist on type 'IntrinsicAttributes & GridOwnProps & CommonProps & Omit<Omit<DetailedHTMLProps<HTMLAttributes<HTMLDivElement>, HTMLDivElement>, "ref"> & { ...; }, "mobile" | ... 123 more ... | "zeroMinWidth">'.
src/features/presence/components/HivePresencePanel.tsx(176,8): error TS2769: No overload matches this call.
  Overload 1 of 2, '(props: { component: ElementType<any, keyof IntrinsicElements>; } & GridOwnProps & CommonProps & Omit<any, "mobile" | ... 123 more ... | "zeroMinWidth">): Element | null', gave the following error.
    Property 'component' is missing in type '{ children: Element; item: true; xs: number; }' but required in type '{ component: ElementType<any, keyof IntrinsicElements>; }'.
  Overload 2 of 2, '(props: DefaultComponentProps<GridTypeMap<{}, "div">>): Element | null', gave the following error.
    Type '{ children: Element; item: true; xs: number; }' is not assignable to type 'IntrinsicAttributes & GridOwnProps & CommonProps & Omit<Omit<DetailedHTMLProps<HTMLAttributes<HTMLDivElement>, HTMLDivElement>, "ref"> & { ...; }, "mobile" | ... 123 more ... | "zeroMinWidth">'.
      Property 'xs' does not exist on type 'IntrinsicAttributes & GridOwnProps & CommonProps & Omit<Omit<DetailedHTMLProps<HTMLAttributes<HTMLDivElement>, HTMLDivElement>, "ref"> & { ...; }, "mobile" | ... 123 more ... | "zeroMinWidth">'.
src/features/presence/components/HivePresencePanel.tsx(186,8): error TS2769: No overload matches this call.
  Overload 1 of 2, '(props: { component: ElementType<any, keyof IntrinsicElements>; } & GridOwnProps & CommonProps & Omit<any, "mobile" | ... 123 more ... | "zeroMinWidth">): Element | null', gave the following error.
    Property 'component' is missing in type '{ children: Element; item: true; xs: number; }' but required in type '{ component: ElementType<any, keyof IntrinsicElements>; }'.
  Overload 2 of 2, '(props: DefaultComponentProps<GridTypeMap<{}, "div">>): Element | null', gave the following error.
    Type '{ children: Element; item: true; xs: number; }' is not assignable to type 'IntrinsicAttributes & GridOwnProps & CommonProps & Omit<Omit<DetailedHTMLProps<HTMLAttributes<HTMLDivElement>, HTMLDivElement>, "ref"> & { ...; }, "mobile" | ... 123 more ... | "zeroMinWidth">'.
      Property 'xs' does not exist on type 'IntrinsicAttributes & GridOwnProps & CommonProps & Omit<Omit<DetailedHTMLProps<HTMLAttributes<HTMLDivElement>, HTMLDivElement>, "ref"> & { ...; }, "mobile" | ... 123 more ... | "zeroMinWidth">'.
src/features/presence/components/UserStatusBadge.tsx(199,6): error TS2322: Type '{ icon: Element; label: string; size: string; statusColor: string; statusBg: string; className: string | undefined; onClick: (() => void) | undefined; clickable: boolean; }' is not assignable to type 'ChipOwnProps'.
  Types of property 'size' are incompatible.
    Type 'string' is not assignable to type 'OverridableStringUnion<"medium" | "small", ChipPropsSizeOverrides> | undefined'.
src/features/timer/components/ProductivityChart.tsx(35,27): error TS6133: 'type' is declared but its value is never read.
src/features/timer/components/ProductivityChart.tsx(129,79): error TS2345: Argument of type '"line" | "bar" | "doughnut"' is not assignable to parameter of type '"line" | "bar" | "area" | "pie" | (() => "line" | "bar" | "area" | "pie")'.
  Type '"doughnut"' is not assignable to type '"line" | "bar" | "area" | "pie" | (() => "line" | "bar" | "area" | "pie")'.
src/features/timer/components/ProductivityChart.tsx(140,67): error TS2339: Property 'focusTime' does not exist on type '{ label: string; data: number[]; backgroundColor?: string | undefined; borderColor?: string | undefined; fill?: boolean | undefined; } | { date: string; focusTime: number; sessions: number; productivity: number; goals: number; distractions: number; breaks: number; }'.
  Property 'focusTime' does not exist on type '{ label: string; data: number[]; backgroundColor?: string | undefined; borderColor?: string | undefined; fill?: boolean | undefined; }'.
src/features/timer/components/ProductivityChart.tsx(141,66): error TS2339: Property 'sessions' does not exist on type '{ label: string; data: number[]; backgroundColor?: string | undefined; borderColor?: string | undefined; fill?: boolean | undefined; } | { date: string; focusTime: number; sessions: number; productivity: number; goals: number; distractions: number; breaks: number; }'.
  Property 'sessions' does not exist on type '{ label: string; data: number[]; backgroundColor?: string | undefined; borderColor?: string | undefined; fill?: boolean | undefined; }'.
src/features/timer/components/ProductivityChart.tsx(142,68): error TS2339: Property 'productivity' does not exist on type '{ label: string; data: number[]; backgroundColor?: string | undefined; borderColor?: string | undefined; fill?: boolean | undefined; } | { date: string; focusTime: number; sessions: number; productivity: number; goals: number; distractions: number; breaks: number; }'.
  Property 'productivity' does not exist on type '{ label: string; data: number[]; backgroundColor?: string | undefined; borderColor?: string | undefined; fill?: boolean | undefined; }'.
src/features/timer/components/ProductivityChart.tsx(143,63): error TS2339: Property 'goals' does not exist on type '{ label: string; data: number[]; backgroundColor?: string | undefined; borderColor?: string | undefined; fill?: boolean | undefined; } | { date: string; focusTime: number; sessions: number; productivity: number; goals: number; distractions: number; breaks: number; }'.
  Property 'goals' does not exist on type '{ label: string; data: number[]; backgroundColor?: string | undefined; borderColor?: string | undefined; fill?: boolean | undefined; }'.
src/features/timer/components/ProductivityChart.tsx(144,70): error TS2339: Property 'distractions' does not exist on type '{ label: string; data: number[]; backgroundColor?: string | undefined; borderColor?: string | undefined; fill?: boolean | undefined; } | { date: string; focusTime: number; sessions: number; productivity: number; goals: number; distractions: number; breaks: number; }'.
  Property 'distractions' does not exist on type '{ label: string; data: number[]; backgroundColor?: string | undefined; borderColor?: string | undefined; fill?: boolean | undefined; }'.
src/features/timer/components/ProductivityChart.tsx(175,17): error TS2339: Property 'date' does not exist on type '{ label: string; data: number[]; backgroundColor?: string | undefined; borderColor?: string | undefined; fill?: boolean | undefined; } | { date: string; focusTime: number; sessions: number; productivity: number; goals: number; distractions: number; breaks: number; }'.
  Property 'date' does not exist on type '{ label: string; data: number[]; backgroundColor?: string | undefined; borderColor?: string | undefined; fill?: boolean | undefined; }'.
src/features/timer/components/ProductivityChart.tsx(175,30): error TS2339: Property 'focusTime' does not exist on type '{ label: string; data: number[]; backgroundColor?: string | undefined; borderColor?: string | undefined; fill?: boolean | undefined; } | { date: string; focusTime: number; sessions: number; productivity: number; goals: number; distractions: number; breaks: number; }'.
  Property 'focusTime' does not exist on type '{ label: string; data: number[]; backgroundColor?: string | undefined; borderColor?: string | undefined; fill?: boolean | undefined; }'.
src/features/timer/components/ProductivityChart.tsx(175,48): error TS2339: Property 'sessions' does not exist on type '{ label: string; data: number[]; backgroundColor?: string | undefined; borderColor?: string | undefined; fill?: boolean | undefined; } | { date: string; focusTime: number; sessions: number; productivity: number; goals: number; distractions: number; breaks: number; }'.
  Property 'sessions' does not exist on type '{ label: string; data: number[]; backgroundColor?: string | undefined; borderColor?: string | undefined; fill?: boolean | undefined; }'.
src/features/timer/components/ProductivityChart.tsx(175,65): error TS2339: Property 'productivity' does not exist on type '{ label: string; data: number[]; backgroundColor?: string | undefined; borderColor?: string | undefined; fill?: boolean | undefined; } | { date: string; focusTime: number; sessions: number; productivity: number; goals: number; distractions: number; breaks: number; }'.
  Property 'productivity' does not exist on type '{ label: string; data: number[]; backgroundColor?: string | undefined; borderColor?: string | undefined; fill?: boolean | undefined; }'.
src/features/timer/components/ProductivityChart.tsx(175,86): error TS2339: Property 'goals' does not exist on type '{ label: string; data: number[]; backgroundColor?: string | undefined; borderColor?: string | undefined; fill?: boolean | undefined; } | { date: string; focusTime: number; sessions: number; productivity: number; goals: number; distractions: number; breaks: number; }'.
  Property 'goals' does not exist on type '{ label: string; data: number[]; backgroundColor?: string | undefined; borderColor?: string | undefined; fill?: boolean | undefined; }'.
src/features/timer/components/ProductivityChart.tsx(175,100): error TS2339: Property 'distractions' does not exist on type '{ label: string; data: number[]; backgroundColor?: string | undefined; borderColor?: string | undefined; fill?: boolean | undefined; } | { date: string; focusTime: number; sessions: number; productivity: number; goals: number; distractions: number; breaks: number; }'.
  Property 'distractions' does not exist on type '{ label: string; data: number[]; backgroundColor?: string | undefined; borderColor?: string | undefined; fill?: boolean | undefined; }'.
src/features/timer/components/ProductivityChart.tsx(189,45): error TS2339: Property 'date' does not exist on type '{ label: string; data: number[]; backgroundColor?: string | undefined; borderColor?: string | undefined; fill?: boolean | undefined; } | { date: string; focusTime: number; sessions: number; productivity: number; goals: number; distractions: number; breaks: number; }'.
  Property 'date' does not exist on type '{ label: string; data: number[]; backgroundColor?: string | undefined; borderColor?: string | undefined; fill?: boolean | undefined; }'.
src/features/timer/components/ProductivityChart.tsx(190,49): error TS2339: Property 'focusTime' does not exist on type '{ label: string; data: number[]; backgroundColor?: string | undefined; borderColor?: string | undefined; fill?: boolean | undefined; } | { date: string; focusTime: number; sessions: number; productivity: number; goals: number; distractions: number; breaks: number; }'.
  Property 'focusTime' does not exist on type '{ label: string; data: number[]; backgroundColor?: string | undefined; borderColor?: string | undefined; fill?: boolean | undefined; }'.
src/features/timer/components/ProductivityChart.tsx(191,48): error TS2339: Property 'sessions' does not exist on type '{ label: string; data: number[]; backgroundColor?: string | undefined; borderColor?: string | undefined; fill?: boolean | undefined; } | { date: string; focusTime: number; sessions: number; productivity: number; goals: number; distractions: number; breaks: number; }'.
  Property 'sessions' does not exist on type '{ label: string; data: number[]; backgroundColor?: string | undefined; borderColor?: string | undefined; fill?: boolean | undefined; }'.
src/features/timer/components/ProductivityChart.tsx(192,52): error TS2339: Property 'productivity' does not exist on type '{ label: string; data: number[]; backgroundColor?: string | undefined; borderColor?: string | undefined; fill?: boolean | undefined; } | { date: string; focusTime: number; sessions: number; productivity: number; goals: number; distractions: number; breaks: number; }'.
  Property 'productivity' does not exist on type '{ label: string; data: number[]; backgroundColor?: string | undefined; borderColor?: string | undefined; fill?: boolean | undefined; }'.
src/features/timer/components/ProductivityChart.tsx(249,59): error TS2339: Property 'breaks' does not exist on type '{ label: string; data: number[]; backgroundColor?: string | undefined; borderColor?: string | undefined; fill?: boolean | undefined; } | { date: string; focusTime: number; sessions: number; productivity: number; goals: number; distractions: number; breaks: number; }'.
  Property 'breaks' does not exist on type '{ label: string; data: number[]; backgroundColor?: string | undefined; borderColor?: string | undefined; fill?: boolean | undefined; }'.
src/features/timer/components/ProductivityChart.tsx(370,16): error TS2769: No overload matches this call.
  Overload 1 of 2, '(props: { component: ElementType<any, keyof IntrinsicElements>; } & GridOwnProps & CommonProps & Omit<any, "mobile" | ... 123 more ... | "zeroMinWidth">): Element | null', gave the following error.
    Property 'component' is missing in type '{ children: Element; item: true; xs: number; sm: number; }' but required in type '{ component: ElementType<any, keyof IntrinsicElements>; }'.
  Overload 2 of 2, '(props: DefaultComponentProps<GridTypeMap<{}, "div">>): Element | null', gave the following error.
    Type '{ children: Element; item: true; xs: number; sm: number; }' is not assignable to type 'IntrinsicAttributes & GridOwnProps & CommonProps & Omit<Omit<DetailedHTMLProps<HTMLAttributes<HTMLDivElement>, HTMLDivElement>, "ref"> & { ...; }, "mobile" | ... 123 more ... | "zeroMinWidth">'.
      Property 'xs' does not exist on type 'IntrinsicAttributes & GridOwnProps & CommonProps & Omit<Omit<DetailedHTMLProps<HTMLAttributes<HTMLDivElement>, HTMLDivElement>, "ref"> & { ...; }, "mobile" | ... 123 more ... | "zeroMinWidth">'.
src/features/timer/components/ProductivityChart.tsx(378,16): error TS2769: No overload matches this call.
  Overload 1 of 2, '(props: { component: ElementType<any, keyof IntrinsicElements>; } & GridOwnProps & CommonProps & Omit<any, "mobile" | ... 123 more ... | "zeroMinWidth">): Element | null', gave the following error.
    Property 'component' is missing in type '{ children: Element; item: true; xs: number; sm: number; }' but required in type '{ component: ElementType<any, keyof IntrinsicElements>; }'.
  Overload 2 of 2, '(props: DefaultComponentProps<GridTypeMap<{}, "div">>): Element | null', gave the following error.
    Type '{ children: Element; item: true; xs: number; sm: number; }' is not assignable to type 'IntrinsicAttributes & GridOwnProps & CommonProps & Omit<Omit<DetailedHTMLProps<HTMLAttributes<HTMLDivElement>, HTMLDivElement>, "ref"> & { ...; }, "mobile" | ... 123 more ... | "zeroMinWidth">'.
      Property 'xs' does not exist on type 'IntrinsicAttributes & GridOwnProps & CommonProps & Omit<Omit<DetailedHTMLProps<HTMLAttributes<HTMLDivElement>, HTMLDivElement>, "ref"> & { ...; }, "mobile" | ... 123 more ... | "zeroMinWidth">'.
src/features/timer/components/ProductivityChart.tsx(386,16): error TS2769: No overload matches this call.
  Overload 1 of 2, '(props: { component: ElementType<any, keyof IntrinsicElements>; } & GridOwnProps & CommonProps & Omit<any, "mobile" | ... 123 more ... | "zeroMinWidth">): Element | null', gave the following error.
    Property 'component' is missing in type '{ children: Element; item: true; xs: number; sm: number; }' but required in type '{ component: ElementType<any, keyof IntrinsicElements>; }'.
  Overload 2 of 2, '(props: DefaultComponentProps<GridTypeMap<{}, "div">>): Element | null', gave the following error.
    Type '{ children: Element; item: true; xs: number; sm: number; }' is not assignable to type 'IntrinsicAttributes & GridOwnProps & CommonProps & Omit<Omit<DetailedHTMLProps<HTMLAttributes<HTMLDivElement>, HTMLDivElement>, "ref"> & { ...; }, "mobile" | ... 123 more ... | "zeroMinWidth">'.
      Property 'xs' does not exist on type 'IntrinsicAttributes & GridOwnProps & CommonProps & Omit<Omit<DetailedHTMLProps<HTMLAttributes<HTMLDivElement>, HTMLDivElement>, "ref"> & { ...; }, "mobile" | ... 123 more ... | "zeroMinWidth">'.
src/features/timer/components/ProductivityChart.tsx(395,16): error TS2769: No overload matches this call.
  Overload 1 of 2, '(props: { component: ElementType<any, keyof IntrinsicElements>; } & GridOwnProps & CommonProps & Omit<any, "mobile" | ... 123 more ... | "zeroMinWidth">): Element | null', gave the following error.
    Property 'component' is missing in type '{ children: Element; item: true; xs: number; sm: number; }' but required in type '{ component: ElementType<any, keyof IntrinsicElements>; }'.
  Overload 2 of 2, '(props: DefaultComponentProps<GridTypeMap<{}, "div">>): Element | null', gave the following error.
    Type '{ children: Element; item: true; xs: number; sm: number; }' is not assignable to type 'IntrinsicAttributes & GridOwnProps & CommonProps & Omit<Omit<DetailedHTMLProps<HTMLAttributes<HTMLDivElement>, HTMLDivElement>, "ref"> & { ...; }, "mobile" | ... 123 more ... | "zeroMinWidth">'.
      Property 'xs' does not exist on type 'IntrinsicAttributes & GridOwnProps & CommonProps & Omit<Omit<DetailedHTMLProps<HTMLAttributes<HTMLDivElement>, HTMLDivElement>, "ref"> & { ...; }, "mobile" | ... 123 more ... | "zeroMinWidth">'.
src/features/timer/components/ProductivityChart.tsx(421,25): error TS2339: Property 'focusTime' does not exist on type '{ label: string; data: number[]; backgroundColor?: string | undefined; borderColor?: string | undefined; fill?: boolean | undefined; } | { date: string; focusTime: number; sessions: number; productivity: number; goals: number; distractions: number; breaks: number; }'.
  Property 'focusTime' does not exist on type '{ label: string; data: number[]; backgroundColor?: string | undefined; borderColor?: string | undefined; fill?: boolean | undefined; }'.
src/features/timer/components/ProductivityChart.tsx(421,41): error TS2339: Property 'focusTime' does not exist on type '{ label: string; data: number[]; backgroundColor?: string | undefined; borderColor?: string | undefined; fill?: boolean | undefined; } | { date: string; focusTime: number; sessions: number; productivity: number; goals: number; distractions: number; breaks: number; }'.
  Property 'focusTime' does not exist on type '{ label: string; data: number[]; backgroundColor?: string | undefined; borderColor?: string | undefined; fill?: boolean | undefined; }'.
src/features/timer/components/ProductivityChart.tsx(421,78): error TS2339: Property 'date' does not exist on type '{ label: string; data: number[]; backgroundColor?: string | undefined; borderColor?: string | undefined; fill?: boolean | undefined; } | { date: string; focusTime: number; sessions: number; productivity: number; goals: number; distractions: number; breaks: number; }'.
  Property 'date' does not exist on type '{ label: string; data: number[]; backgroundColor?: string | undefined; borderColor?: string | undefined; fill?: boolean | undefined; }'.
src/features/timer/components/SessionStats.tsx(294,16): error TS2769: No overload matches this call.
  Overload 1 of 2, '(props: { component: ElementType<any, keyof IntrinsicElements>; } & GridOwnProps & CommonProps & Omit<any, "mobile" | ... 123 more ... | "zeroMinWidth">): Element | null', gave the following error.
    Property 'component' is missing in type '{ children: Element; item: true; xs: number; sm: number; md: number; }' but required in type '{ component: ElementType<any, keyof IntrinsicElements>; }'.
  Overload 2 of 2, '(props: DefaultComponentProps<GridTypeMap<{}, "div">>): Element | null', gave the following error.
    Type '{ children: Element; item: true; xs: number; sm: number; md: number; }' is not assignable to type 'IntrinsicAttributes & GridOwnProps & CommonProps & Omit<Omit<DetailedHTMLProps<HTMLAttributes<HTMLDivElement>, HTMLDivElement>, "ref"> & { ...; }, "mobile" | ... 123 more ... | "zeroMinWidth">'.
      Property 'xs' does not exist on type 'IntrinsicAttributes & GridOwnProps & CommonProps & Omit<Omit<DetailedHTMLProps<HTMLAttributes<HTMLDivElement>, HTMLDivElement>, "ref"> & { ...; }, "mobile" | ... 123 more ... | "zeroMinWidth">'.
src/features/timer/components/SessionStats.tsx(303,16): error TS2769: No overload matches this call.
  Overload 1 of 2, '(props: { component: ElementType<any, keyof IntrinsicElements>; } & GridOwnProps & CommonProps & Omit<any, "mobile" | ... 123 more ... | "zeroMinWidth">): Element | null', gave the following error.
    Property 'component' is missing in type '{ children: Element; item: true; xs: number; sm: number; md: number; }' but required in type '{ component: ElementType<any, keyof IntrinsicElements>; }'.
  Overload 2 of 2, '(props: DefaultComponentProps<GridTypeMap<{}, "div">>): Element | null', gave the following error.
    Type '{ children: Element; item: true; xs: number; sm: number; md: number; }' is not assignable to type 'IntrinsicAttributes & GridOwnProps & CommonProps & Omit<Omit<DetailedHTMLProps<HTMLAttributes<HTMLDivElement>, HTMLDivElement>, "ref"> & { ...; }, "mobile" | ... 123 more ... | "zeroMinWidth">'.
      Property 'xs' does not exist on type 'IntrinsicAttributes & GridOwnProps & CommonProps & Omit<Omit<DetailedHTMLProps<HTMLAttributes<HTMLDivElement>, HTMLDivElement>, "ref"> & { ...; }, "mobile" | ... 123 more ... | "zeroMinWidth">'.
src/features/timer/components/SessionStats.tsx(312,16): error TS2769: No overload matches this call.
  Overload 1 of 2, '(props: { component: ElementType<any, keyof IntrinsicElements>; } & GridOwnProps & CommonProps & Omit<any, "mobile" | ... 123 more ... | "zeroMinWidth">): Element | null', gave the following error.
    Property 'component' is missing in type '{ children: Element; item: true; xs: number; sm: number; md: number; }' but required in type '{ component: ElementType<any, keyof IntrinsicElements>; }'.
  Overload 2 of 2, '(props: DefaultComponentProps<GridTypeMap<{}, "div">>): Element | null', gave the following error.
    Type '{ children: Element; item: true; xs: number; sm: number; md: number; }' is not assignable to type 'IntrinsicAttributes & GridOwnProps & CommonProps & Omit<Omit<DetailedHTMLProps<HTMLAttributes<HTMLDivElement>, HTMLDivElement>, "ref"> & { ...; }, "mobile" | ... 123 more ... | "zeroMinWidth">'.
      Property 'xs' does not exist on type 'IntrinsicAttributes & GridOwnProps & CommonProps & Omit<Omit<DetailedHTMLProps<HTMLAttributes<HTMLDivElement>, HTMLDivElement>, "ref"> & { ...; }, "mobile" | ... 123 more ... | "zeroMinWidth">'.
src/features/timer/components/SessionStats.tsx(321,16): error TS2769: No overload matches this call.
  Overload 1 of 2, '(props: { component: ElementType<any, keyof IntrinsicElements>; } & GridOwnProps & CommonProps & Omit<any, "mobile" | ... 123 more ... | "zeroMinWidth">): Element | null', gave the following error.
    Property 'component' is missing in type '{ children: Element; item: true; xs: number; sm: number; md: number; }' but required in type '{ component: ElementType<any, keyof IntrinsicElements>; }'.
  Overload 2 of 2, '(props: DefaultComponentProps<GridTypeMap<{}, "div">>): Element | null', gave the following error.
    Type '{ children: Element; item: true; xs: number; sm: number; md: number; }' is not assignable to type 'IntrinsicAttributes & GridOwnProps & CommonProps & Omit<Omit<DetailedHTMLProps<HTMLAttributes<HTMLDivElement>, HTMLDivElement>, "ref"> & { ...; }, "mobile" | ... 123 more ... | "zeroMinWidth">'.
      Property 'xs' does not exist on type 'IntrinsicAttributes & GridOwnProps & CommonProps & Omit<Omit<DetailedHTMLProps<HTMLAttributes<HTMLDivElement>, HTMLDivElement>, "ref"> & { ...; }, "mobile" | ... 123 more ... | "zeroMinWidth">'.
src/features/timer/components/SessionStats.tsx(409,14): error TS2769: No overload matches this call.
  Overload 1 of 2, '(props: { component: ElementType<any, keyof IntrinsicElements>; } & GridOwnProps & CommonProps & Omit<any, "mobile" | ... 123 more ... | "zeroMinWidth">): Element | null', gave the following error.
    Property 'component' is missing in type '{ children: Element; item: true; xs: number; sm: number; md: number; }' but required in type '{ component: ElementType<any, keyof IntrinsicElements>; }'.
  Overload 2 of 2, '(props: DefaultComponentProps<GridTypeMap<{}, "div">>): Element | null', gave the following error.
    Type '{ children: Element; item: true; xs: number; sm: number; md: number; }' is not assignable to type 'IntrinsicAttributes & GridOwnProps & CommonProps & Omit<Omit<DetailedHTMLProps<HTMLAttributes<HTMLDivElement>, HTMLDivElement>, "ref"> & { ...; }, "mobile" | ... 123 more ... | "zeroMinWidth">'.
      Property 'xs' does not exist on type 'IntrinsicAttributes & GridOwnProps & CommonProps & Omit<Omit<DetailedHTMLProps<HTMLAttributes<HTMLDivElement>, HTMLDivElement>, "ref"> & { ...; }, "mobile" | ... 123 more ... | "zeroMinWidth">'.
src/features/timer/components/SessionStats.tsx(420,14): error TS2769: No overload matches this call.
  Overload 1 of 2, '(props: { component: ElementType<any, keyof IntrinsicElements>; } & GridOwnProps & CommonProps & Omit<any, "mobile" | ... 123 more ... | "zeroMinWidth">): Element | null', gave the following error.
    Property 'component' is missing in type '{ children: Element; item: true; xs: number; sm: number; md: number; }' but required in type '{ component: ElementType<any, keyof IntrinsicElements>; }'.
  Overload 2 of 2, '(props: DefaultComponentProps<GridTypeMap<{}, "div">>): Element | null', gave the following error.
    Type '{ children: Element; item: true; xs: number; sm: number; md: number; }' is not assignable to type 'IntrinsicAttributes & GridOwnProps & CommonProps & Omit<Omit<DetailedHTMLProps<HTMLAttributes<HTMLDivElement>, HTMLDivElement>, "ref"> & { ...; }, "mobile" | ... 123 more ... | "zeroMinWidth">'.
      Property 'xs' does not exist on type 'IntrinsicAttributes & GridOwnProps & CommonProps & Omit<Omit<DetailedHTMLProps<HTMLAttributes<HTMLDivElement>, HTMLDivElement>, "ref"> & { ...; }, "mobile" | ... 123 more ... | "zeroMinWidth">'.
src/features/timer/components/SessionStats.tsx(431,14): error TS2769: No overload matches this call.
  Overload 1 of 2, '(props: { component: ElementType<any, keyof IntrinsicElements>; } & GridOwnProps & CommonProps & Omit<any, "mobile" | ... 123 more ... | "zeroMinWidth">): Element | null', gave the following error.
    Property 'component' is missing in type '{ children: Element; item: true; xs: number; sm: number; md: number; }' but required in type '{ component: ElementType<any, keyof IntrinsicElements>; }'.
  Overload 2 of 2, '(props: DefaultComponentProps<GridTypeMap<{}, "div">>): Element | null', gave the following error.
    Type '{ children: Element; item: true; xs: number; sm: number; md: number; }' is not assignable to type 'IntrinsicAttributes & GridOwnProps & CommonProps & Omit<Omit<DetailedHTMLProps<HTMLAttributes<HTMLDivElement>, HTMLDivElement>, "ref"> & { ...; }, "mobile" | ... 123 more ... | "zeroMinWidth">'.
      Property 'xs' does not exist on type 'IntrinsicAttributes & GridOwnProps & CommonProps & Omit<Omit<DetailedHTMLProps<HTMLAttributes<HTMLDivElement>, HTMLDivElement>, "ref"> & { ...; }, "mobile" | ... 123 more ... | "zeroMinWidth">'.
src/features/timer/components/SessionStats.tsx(441,14): error TS2769: No overload matches this call.
  Overload 1 of 2, '(props: { component: ElementType<any, keyof IntrinsicElements>; } & GridOwnProps & CommonProps & Omit<any, "mobile" | ... 123 more ... | "zeroMinWidth">): Element | null', gave the following error.
    Property 'component' is missing in type '{ children: Element; item: true; xs: number; sm: number; md: number; }' but required in type '{ component: ElementType<any, keyof IntrinsicElements>; }'.
  Overload 2 of 2, '(props: DefaultComponentProps<GridTypeMap<{}, "div">>): Element | null', gave the following error.
    Type '{ children: Element; item: true; xs: number; sm: number; md: number; }' is not assignable to type 'IntrinsicAttributes & GridOwnProps & CommonProps & Omit<Omit<DetailedHTMLProps<HTMLAttributes<HTMLDivElement>, HTMLDivElement>, "ref"> & { ...; }, "mobile" | ... 123 more ... | "zeroMinWidth">'.
      Property 'xs' does not exist on type 'IntrinsicAttributes & GridOwnProps & CommonProps & Omit<Omit<DetailedHTMLProps<HTMLAttributes<HTMLDivElement>, HTMLDivElement>, "ref"> & { ...; }, "mobile" | ... 123 more ... | "zeroMinWidth">'.
src/features/timer/components/SessionStats.tsx(452,14): error TS2769: No overload matches this call.
  Overload 1 of 2, '(props: { component: ElementType<any, keyof IntrinsicElements>; } & GridOwnProps & CommonProps & Omit<any, "mobile" | ... 123 more ... | "zeroMinWidth">): Element | null', gave the following error.
    Property 'component' is missing in type '{ children: Element; item: true; xs: number; sm: number; md: number; }' but required in type '{ component: ElementType<any, keyof IntrinsicElements>; }'.
  Overload 2 of 2, '(props: DefaultComponentProps<GridTypeMap<{}, "div">>): Element | null', gave the following error.
    Type '{ children: Element; item: true; xs: number; sm: number; md: number; }' is not assignable to type 'IntrinsicAttributes & GridOwnProps & CommonProps & Omit<Omit<DetailedHTMLProps<HTMLAttributes<HTMLDivElement>, HTMLDivElement>, "ref"> & { ...; }, "mobile" | ... 123 more ... | "zeroMinWidth">'.
      Property 'xs' does not exist on type 'IntrinsicAttributes & GridOwnProps & CommonProps & Omit<Omit<DetailedHTMLProps<HTMLAttributes<HTMLDivElement>, HTMLDivElement>, "ref"> & { ...; }, "mobile" | ... 123 more ... | "zeroMinWidth">'.
src/features/timer/components/SessionStats.tsx(463,14): error TS2769: No overload matches this call.
  Overload 1 of 2, '(props: { component: ElementType<any, keyof IntrinsicElements>; } & GridOwnProps & CommonProps & Omit<any, "mobile" | ... 123 more ... | "zeroMinWidth">): Element | null', gave the following error.
    Property 'component' is missing in type '{ children: Element; item: true; xs: number; sm: number; md: number; }' but required in type '{ component: ElementType<any, keyof IntrinsicElements>; }'.
  Overload 2 of 2, '(props: DefaultComponentProps<GridTypeMap<{}, "div">>): Element | null', gave the following error.
    Type '{ children: Element; item: true; xs: number; sm: number; md: number; }' is not assignable to type 'IntrinsicAttributes & GridOwnProps & CommonProps & Omit<Omit<DetailedHTMLProps<HTMLAttributes<HTMLDivElement>, HTMLDivElement>, "ref"> & { ...; }, "mobile" | ... 123 more ... | "zeroMinWidth">'.
      Property 'xs' does not exist on type 'IntrinsicAttributes & GridOwnProps & CommonProps & Omit<Omit<DetailedHTMLProps<HTMLAttributes<HTMLDivElement>, HTMLDivElement>, "ref"> & { ...; }, "mobile" | ... 123 more ... | "zeroMinWidth">'.
src/features/timer/pages/ProductivityDashboard.tsx(159,57): error TS2345: Argument of type '"md"' is not assignable to parameter of type 'number | Breakpoint'.
src/features/timer/pages/ProductivityDashboard.tsx(231,14): error TS2769: No overload matches this call.
  Overload 1 of 2, '(props: { component: ElementType<any, keyof IntrinsicElements>; } & GridOwnProps & CommonProps & Omit<any, "mobile" | ... 123 more ... | "zeroMinWidth">): Element | null', gave the following error.
    Property 'component' is missing in type '{ children: Element; item: true; xs: number; lg: number; }' but required in type '{ component: ElementType<any, keyof IntrinsicElements>; }'.
  Overload 2 of 2, '(props: DefaultComponentProps<GridTypeMap<{}, "div">>): Element | null', gave the following error.
    Type '{ children: Element; item: true; xs: number; lg: number; }' is not assignable to type 'IntrinsicAttributes & GridOwnProps & CommonProps & Omit<Omit<DetailedHTMLProps<HTMLAttributes<HTMLDivElement>, HTMLDivElement>, "ref"> & { ...; }, "mobile" | ... 123 more ... | "zeroMinWidth">'.
      Property 'xs' does not exist on type 'IntrinsicAttributes & GridOwnProps & CommonProps & Omit<Omit<DetailedHTMLProps<HTMLAttributes<HTMLDivElement>, HTMLDivElement>, "ref"> & { ...; }, "mobile" | ... 123 more ... | "zeroMinWidth">'.
src/features/timer/pages/ProductivityDashboard.tsx(238,14): error TS2769: No overload matches this call.
  Overload 1 of 2, '(props: { component: ElementType<any, keyof IntrinsicElements>; } & GridOwnProps & CommonProps & Omit<any, "mobile" | ... 123 more ... | "zeroMinWidth">): Element | null', gave the following error.
    Property 'component' is missing in type '{ children: Element; item: true; xs: number; lg: number; }' but required in type '{ component: ElementType<any, keyof IntrinsicElements>; }'.
  Overload 2 of 2, '(props: DefaultComponentProps<GridTypeMap<{}, "div">>): Element | null', gave the following error.
    Type '{ children: Element; item: true; xs: number; lg: number; }' is not assignable to type 'IntrinsicAttributes & GridOwnProps & CommonProps & Omit<Omit<DetailedHTMLProps<HTMLAttributes<HTMLDivElement>, HTMLDivElement>, "ref"> & { ...; }, "mobile" | ... 123 more ... | "zeroMinWidth">'.
      Property 'xs' does not exist on type 'IntrinsicAttributes & GridOwnProps & CommonProps & Omit<Omit<DetailedHTMLProps<HTMLAttributes<HTMLDivElement>, HTMLDivElement>, "ref"> & { ...; }, "mobile" | ... 123 more ... | "zeroMinWidth">'.
src/features/timer/pages/ProductivityDashboard.tsx(251,14): error TS2769: No overload matches this call.
  Overload 1 of 2, '(props: { component: ElementType<any, keyof IntrinsicElements>; } & GridOwnProps & CommonProps & Omit<any, "mobile" | ... 123 more ... | "zeroMinWidth">): Element | null', gave the following error.
    Property 'component' is missing in type '{ children: Element; item: true; xs: number; }' but required in type '{ component: ElementType<any, keyof IntrinsicElements>; }'.
  Overload 2 of 2, '(props: DefaultComponentProps<GridTypeMap<{}, "div">>): Element | null', gave the following error.
    Type '{ children: Element; item: true; xs: number; }' is not assignable to type 'IntrinsicAttributes & GridOwnProps & CommonProps & Omit<Omit<DetailedHTMLProps<HTMLAttributes<HTMLDivElement>, HTMLDivElement>, "ref"> & { ...; }, "mobile" | ... 123 more ... | "zeroMinWidth">'.
      Property 'xs' does not exist on type 'IntrinsicAttributes & GridOwnProps & CommonProps & Omit<Omit<DetailedHTMLProps<HTMLAttributes<HTMLDivElement>, HTMLDivElement>, "ref"> & { ...; }, "mobile" | ... 123 more ... | "zeroMinWidth">'.
src/features/timer/pages/ProductivityDashboard.tsx(253,17): error TS2741: Property 'labels' is missing in type '{ datasets: never[]; }' but required in type 'ProductivityChart'.
src/features/timer/pages/ProductivityDashboard.tsx(260,14): error TS2769: No overload matches this call.
  Overload 1 of 2, '(props: { component: ElementType<any, keyof IntrinsicElements>; } & GridOwnProps & CommonProps & Omit<any, "mobile" | ... 123 more ... | "zeroMinWidth">): Element | null', gave the following error.
    Property 'component' is missing in type '{ children: Element; item: true; xs: number; }' but required in type '{ component: ElementType<any, keyof IntrinsicElements>; }'.
  Overload 2 of 2, '(props: DefaultComponentProps<GridTypeMap<{}, "div">>): Element | null', gave the following error.
    Type '{ children: Element; item: true; xs: number; }' is not assignable to type 'IntrinsicAttributes & GridOwnProps & CommonProps & Omit<Omit<DetailedHTMLProps<HTMLAttributes<HTMLDivElement>, HTMLDivElement>, "ref"> & { ...; }, "mobile" | ... 123 more ... | "zeroMinWidth">'.
      Property 'xs' does not exist on type 'IntrinsicAttributes & GridOwnProps & CommonProps & Omit<Omit<DetailedHTMLProps<HTMLAttributes<HTMLDivElement>, HTMLDivElement>, "ref"> & { ...; }, "mobile" | ... 123 more ... | "zeroMinWidth">'.
src/features/timer/pages/ProductivityDashboard.tsx(274,14): error TS2769: No overload matches this call.
  Overload 1 of 2, '(props: { component: ElementType<any, keyof IntrinsicElements>; } & GridOwnProps & CommonProps & Omit<any, "mobile" | ... 123 more ... | "zeroMinWidth">): Element | null', gave the following error.
    Property 'component' is missing in type '{ children: Element[]; item: true; xs: number; }' but required in type '{ component: ElementType<any, keyof IntrinsicElements>; }'.
  Overload 2 of 2, '(props: DefaultComponentProps<GridTypeMap<{}, "div">>): Element | null', gave the following error.
    Type '{ children: Element[]; item: true; xs: number; }' is not assignable to type 'IntrinsicAttributes & GridOwnProps & CommonProps & Omit<Omit<DetailedHTMLProps<HTMLAttributes<HTMLDivElement>, HTMLDivElement>, "ref"> & { ...; }, "mobile" | ... 123 more ... | "zeroMinWidth">'.
      Property 'xs' does not exist on type 'IntrinsicAttributes & GridOwnProps & CommonProps & Omit<Omit<DetailedHTMLProps<HTMLAttributes<HTMLDivElement>, HTMLDivElement>, "ref"> & { ...; }, "mobile" | ... 123 more ... | "zeroMinWidth">'.
src/features/timer/pages/ProductivityDashboard.tsx(280,20): error TS2769: No overload matches this call.
  Overload 1 of 2, '(props: { component: ElementType<any, keyof IntrinsicElements>; } & GridOwnProps & CommonProps & Omit<any, "mobile" | ... 123 more ... | "zeroMinWidth">): Element | null', gave the following error.
    Property 'component' is missing in type '{ children: Element; item: true; xs: number; sm: number; md: number; key: number; }' but required in type '{ component: ElementType<any, keyof IntrinsicElements>; }'.
  Overload 2 of 2, '(props: DefaultComponentProps<GridTypeMap<{}, "div">>): Element | null', gave the following error.
    Type '{ children: Element; item: true; xs: number; sm: number; md: number; key: number; }' is not assignable to type 'IntrinsicAttributes & GridOwnProps & CommonProps & Omit<Omit<DetailedHTMLProps<HTMLAttributes<HTMLDivElement>, HTMLDivElement>, "ref"> & { ...; }, "mobile" | ... 123 more ... | "zeroMinWidth">'.
      Property 'xs' does not exist on type 'IntrinsicAttributes & GridOwnProps & CommonProps & Omit<Omit<DetailedHTMLProps<HTMLAttributes<HTMLDivElement>, HTMLDivElement>, "ref"> & { ...; }, "mobile" | ... 123 more ... | "zeroMinWidth">'.
src/features/timer/pages/ProductivityDashboard.tsx(288,14): error TS2769: No overload matches this call.
  Overload 1 of 2, '(props: { component: ElementType<any, keyof IntrinsicElements>; } & GridOwnProps & CommonProps & Omit<any, "mobile" | ... 123 more ... | "zeroMinWidth">): Element | null', gave the following error.
    Property 'component' is missing in type '{ children: Element; item: true; xs: number; lg: number; }' but required in type '{ component: ElementType<any, keyof IntrinsicElements>; }'.
  Overload 2 of 2, '(props: DefaultComponentProps<GridTypeMap<{}, "div">>): Element | null', gave the following error.
    Type '{ children: Element; item: true; xs: number; lg: number; }' is not assignable to type 'IntrinsicAttributes & GridOwnProps & CommonProps & Omit<Omit<DetailedHTMLProps<HTMLAttributes<HTMLDivElement>, HTMLDivElement>, "ref"> & { ...; }, "mobile" | ... 123 more ... | "zeroMinWidth">'.
      Property 'xs' does not exist on type 'IntrinsicAttributes & GridOwnProps & CommonProps & Omit<Omit<DetailedHTMLProps<HTMLAttributes<HTMLDivElement>, HTMLDivElement>, "ref"> & { ...; }, "mobile" | ... 123 more ... | "zeroMinWidth">'.
src/features/timer/pages/ProductivityDashboard.tsx(297,14): error TS2769: No overload matches this call.
  Overload 1 of 2, '(props: { component: ElementType<any, keyof IntrinsicElements>; } & GridOwnProps & CommonProps & Omit<any, "mobile" | ... 123 more ... | "zeroMinWidth">): Element | null', gave the following error.
    Property 'component' is missing in type '{ children: Element; item: true; xs: number; lg: number; }' but required in type '{ component: ElementType<any, keyof IntrinsicElements>; }'.
  Overload 2 of 2, '(props: DefaultComponentProps<GridTypeMap<{}, "div">>): Element | null', gave the following error.
    Type '{ children: Element; item: true; xs: number; lg: number; }' is not assignable to type 'IntrinsicAttributes & GridOwnProps & CommonProps & Omit<Omit<DetailedHTMLProps<HTMLAttributes<HTMLDivElement>, HTMLDivElement>, "ref"> & { ...; }, "mobile" | ... 123 more ... | "zeroMinWidth">'.
      Property 'xs' does not exist on type 'IntrinsicAttributes & GridOwnProps & CommonProps & Omit<Omit<DetailedHTMLProps<HTMLAttributes<HTMLDivElement>, HTMLDivElement>, "ref"> & { ...; }, "mobile" | ... 123 more ... | "zeroMinWidth">'.
src/features/timer/pages/ProductivityDashboard.tsx(306,14): error TS2769: No overload matches this call.
  Overload 1 of 2, '(props: { component: ElementType<any, keyof IntrinsicElements>; } & GridOwnProps & CommonProps & Omit<any, "mobile" | ... 123 more ... | "zeroMinWidth">): Element | null', gave the following error.
    Property 'component' is missing in type '{ children: Element; item: true; xs: number; }' but required in type '{ component: ElementType<any, keyof IntrinsicElements>; }'.
  Overload 2 of 2, '(props: DefaultComponentProps<GridTypeMap<{}, "div">>): Element | null', gave the following error.
    Type '{ children: Element; item: true; xs: number; }' is not assignable to type 'IntrinsicAttributes & GridOwnProps & CommonProps & Omit<Omit<DetailedHTMLProps<HTMLAttributes<HTMLDivElement>, HTMLDivElement>, "ref"> & { ...; }, "mobile" | ... 123 more ... | "zeroMinWidth">'.
      Property 'xs' does not exist on type 'IntrinsicAttributes & GridOwnProps & CommonProps & Omit<Omit<DetailedHTMLProps<HTMLAttributes<HTMLDivElement>, HTMLDivElement>, "ref"> & { ...; }, "mobile" | ... 123 more ... | "zeroMinWidth">'.
src/features/timer/pages/ProductivityDashboard.tsx(308,17): error TS2741: Property 'labels' is missing in type '{ datasets: never[]; }' but required in type 'ProductivityChart'.
src/features/timer/pages/ProductivityDashboard.tsx(366,18): error TS2769: No overload matches this call.
  Overload 1 of 2, '(props: { component: ElementType<any, keyof IntrinsicElements>; } & AvatarOwnProps & AvatarSlotsAndSlotProps & CommonProps & Omit<...>): Element | null', gave the following error.
    Property 'component' is missing in type '{ children: Element; size: string; sx: { bgcolor: "primary.main"; }; }' but required in type '{ component: ElementType<any, keyof IntrinsicElements>; }'.
  Overload 2 of 2, '(props: DefaultComponentProps<AvatarTypeMap<{}, "div">>): Element | null', gave the following error.
    Type '{ children: Element; size: string; sx: { bgcolor: "primary.main"; }; }' is not assignable to type 'IntrinsicAttributes & AvatarOwnProps & AvatarSlotsAndSlotProps & CommonProps & Omit<Omit<DetailedHTMLProps<HTMLAttributes<HTMLDivElement>, HTMLDivElement>, "ref"> & { ...; }, "className" | ... 11 more ... | "imgProps">'.
      Property 'size' does not exist on type 'IntrinsicAttributes & AvatarOwnProps & AvatarSlotsAndSlotProps & CommonProps & Omit<Omit<DetailedHTMLProps<HTMLAttributes<HTMLDivElement>, HTMLDivElement>, "ref"> & { ...; }, "className" | ... 11 more ... | "imgProps">'. Did you mean 'sizes'?
src/features/timer/pages/ProductivityDashboard.tsx(493,20): error TS2769: No overload matches this call.
  Overload 1 of 2, '(props: { component: ElementType<any, keyof IntrinsicElements>; } & ContainerOwnProps & CommonProps & Omit<any, "className" | ... 6 more ... | "disableGutters">): Element | null', gave the following error.
    Type '"xl"' is not assignable to type 'false | Breakpoint | undefined'.
  Overload 2 of 2, '(props: DefaultComponentProps<ContainerTypeMap<{}, "div">>): Element | null', gave the following error.
    Type '"xl"' is not assignable to type 'false | Breakpoint | undefined'.
src/shared/contexts/WebSocketContext.tsx(66,9): error TS7022: 'scheduleReconnect' implicitly has type 'any' because it does not have a type annotation and is referenced directly or indirectly in its own initializer.
src/shared/contexts/WebSocketContext.tsx(85,103): error TS2448: Block-scoped variable 'connect' used before its declaration.
src/shared/contexts/WebSocketContext.tsx(85,103): error TS2454: Variable 'connect' is used before being assigned.
src/shared/contexts/WebSocketContext.tsx(87,9): error TS7022: 'connect' implicitly has type 'any' because it does not have a type annotation and is referenced directly or indirectly in its own initializer.
src/shared/hooks/useContainerQuery.ts(97,12): error TS2339: Property 'addEventListener' does not exist on type 'never'.
src/shared/layout/AppLayout.tsx(23,57): error TS2345: Argument of type '"md"' is not assignable to parameter of type 'number | Breakpoint'.
src/shared/layout/ResponsiveContainer.tsx(87,3): error TS1117: An object literal cannot have multiple properties with the same name.
src/shared/layout/ResponsiveContainer.tsx(144,9): error TS2322: Type '{ marginX?: string | undefined; maxWidth?: number | false | undefined; }' is not assignable to type 'SxProps<Theme> | undefined'.
  Type '{ marginX?: string | undefined; maxWidth?: number | false | undefined; }' is not assignable to type 'undefined'.
src/shared/layout/ResponsiveContainer.tsx(341,29): error TS7053: Element implicitly has an 'any' type because expression of type '("medium" | "small" | "large") & (string | number | (string & {}) | readonly NonNullable<Padding<string | number> | undefined>[] | readonly (Padding<string | number> | readonly NonNullable<...>[] | null | undefined)[] | { ...; } | ((theme: Theme) => ResponsiveStyleValue<...>))' can't be used to index type '{ small: { mobile: number; tablet: number; desktop: number; }; medium: { mobile: number; tablet: number; desktop: number; }; large: { mobile: number; tablet: number; desktop: number; }; }'.
src/shared/layout/ResponsiveContainer.tsx(342,29): error TS7053: Element implicitly has an 'any' type because expression of type '("medium" | "small" | "large") & (string | number | (string & {}) | readonly NonNullable<Padding<string | number> | undefined>[] | readonly (Padding<string | number> | readonly NonNullable<...>[] | null | undefined)[] | { ...; } | ((theme: Theme) => ResponsiveStyleValue<...>))' can't be used to index type '{ small: { mobile: number; tablet: number; desktop: number; }; medium: { mobile: number; tablet: number; desktop: number; }; large: { mobile: number; tablet: number; desktop: number; }; }'.
src/shared/layout/ResponsiveContainer.tsx(343,29): error TS7053: Element implicitly has an 'any' type because expression of type '("medium" | "small" | "large") & (string | number | (string & {}) | readonly NonNullable<Padding<string | number> | undefined>[] | readonly (Padding<string | number> | readonly NonNullable<...>[] | null | undefined)[] | { ...; } | ((theme: Theme) => ResponsiveStyleValue<...>))' can't be used to index type '{ small: { mobile: number; tablet: number; desktop: number; }; medium: { mobile: number; tablet: number; desktop: number; }; large: { mobile: number; tablet: number; desktop: number; }; }'.
src/shared/layout/ResponsiveGrid.tsx(89,7): error TS2451: Cannot redeclare block-scoped variable 'GridItem'.
src/shared/layout/ResponsiveGrid.tsx(98,7): error TS6133: 'theme' is declared but its value is never read.
src/shared/layout/ResponsiveGrid.tsx(211,14): error TS2451: Cannot redeclare block-scoped variable 'GridItem'.
src/shared/layout/ResponsiveGrid.tsx(320,32): error TS7053: Element implicitly has an 'any' type because expression of type '"mobile" | "desktop" | "mobileLg" | "tablet" | "tabletLg" | "laptop" | "desktopLg" | "desktopXl" | ("mobile" & readonly NonNullable<MaxWidth<string | number> | undefined>[]) | ... 30 more ... | ("desktopXl" & ((theme: Theme) => ResponsiveStyleValue<...>))' can't be used to index type '{ mobile: number; desktop: number; mobileLg: number; tablet: number; tabletLg: number; laptop: number; desktopLg: number; desktopXl: number; }'.
src/shared/layout/ResponsiveLayout.tsx(188,11): error TS1117: An object literal cannot have multiple properties with the same name.
src/shared/layout/ResponsiveLayout.tsx(189,11): error TS1117: An object literal cannot have multiple properties with the same name.
src/shared/layout/ResponsiveLayout.tsx(190,11): error TS1117: An object literal cannot have multiple properties with the same name.
src/shared/layout/Sidebar.tsx(16,3): error TS6133: 'useTheme' is declared but its value is never read.
src/shared/pwa/components/PWAInstallPrompt.tsx(61,57): error TS2345: Argument of type '"sm"' is not assignable to parameter of type 'number | Breakpoint'.
src/shared/pwa/components/PWAInstallPrompt.tsx(100,7): error TS2322: Type '"sm"' is not assignable to type 'false | Breakpoint | undefined'.
src/shared/theme/palette.ts(418,15): error TS2304: Cannot find name 'PaletteColor'.
src/shared/theme/spacing.ts(8,10): error TS6133: 'breakpointValues' is declared but its value is never read.
src/shared/theme/spacing.ts(223,67): error TS2339: Property 'mobile' does not exist on type 'never'.
src/shared/theme/spacing.ts(224,65): error TS2339: Property 'desktop' does not exist on type 'never'.
src/shared/ui/AdaptiveCard.tsx(127,11): error TS2430: Interface 'AdaptiveCardProps' incorrectly extends interface 'Omit<CardProps, "title">'.
  Types of property 'variant' are incompatible.
    Type '"standard" | "horizontal" | "minimal" | "featured" | undefined' is not assignable to type 'OverridableStringUnion<"outlined" | "elevation", PaperPropsVariantOverrides> | undefined'.
      Type '"standard"' is not assignable to type 'OverridableStringUnion<"outlined" | "elevation", PaperPropsVariantOverrides> | undefined'.
src/shared/ui/AdaptiveCard.tsx(200,38): error TS2540: Cannot assign to 'current' because it is a read-only property.
src/shared/ui/AdaptiveCard.tsx(247,19): error TS2769: No overload matches this call.
  Overload 1 of 2, '(props: { component: "img"; } & CardMediaOwnProps & CommonProps & Omit<Omit<DetailedHTMLProps<ImgHTMLAttributes<HTMLImageElement>, HTMLImageElement>, "ref"> & { ...; }, "image" | ... 5 more ... | "src">): Element | null', gave the following error.
    Type 'RefObject<Element>' is not assignable to type '((instance: HTMLImageElement | null) => void) | RefObject<HTMLImageElement> | null | undefined'.
      Type 'RefObject<Element>' is not assignable to type 'RefObject<HTMLImageElement>'.
        Type 'Element' is missing the following properties from type 'HTMLImageElement': align, alt, border, complete, and 156 more.
  Overload 2 of 2, '(props: DefaultComponentProps<CardMediaTypeMap<{}, "div">>): Element | null', gave the following error.
    Type 'RefObject<Element>' is not assignable to type '((instance: HTMLDivElement | null) => void) | RefObject<HTMLDivElement> | null | undefined'.
      Type 'RefObject<Element>' is not assignable to type 'RefObject<HTMLDivElement>'.
        Type 'Element' is missing the following properties from type 'HTMLDivElement': align, accessKey, accessKeyLabel, autocapitalize, and 130 more.
src/shared/ui/AdaptiveCard.tsx(288,21): error TS2769: No overload matches this call.
  Overload 1 of 2, '(props: { component: "img"; } & CardMediaOwnProps & CommonProps & Omit<Omit<DetailedHTMLProps<ImgHTMLAttributes<HTMLImageElement>, HTMLImageElement>, "ref"> & { ...; }, "image" | ... 5 more ... | "src">): Element | null', gave the following error.
    Type 'RefObject<Element>' is not assignable to type '((instance: HTMLImageElement | null) => void) | RefObject<HTMLImageElement> | null | undefined'.
      Type 'RefObject<Element>' is not assignable to type 'RefObject<HTMLImageElement>'.
        Type 'Element' is missing the following properties from type 'HTMLImageElement': align, alt, border, complete, and 156 more.
  Overload 2 of 2, '(props: DefaultComponentProps<CardMediaTypeMap<{}, "div">>): Element | null', gave the following error.
    Type 'RefObject<Element>' is not assignable to type '((instance: HTMLDivElement | null) => void) | RefObject<HTMLDivElement> | null | undefined'.
      Type 'RefObject<Element>' is not assignable to type 'RefObject<HTMLDivElement>'.
        Type 'Element' is missing the following properties from type 'HTMLDivElement': align, accessKey, accessKeyLabel, autocapitalize, and 130 more.
src/shared/ui/AdaptiveCard.tsx(329,19): error TS2769: No overload matches this call.
  Overload 1 of 2, '(props: { component: "img"; } & CardMediaOwnProps & CommonProps & Omit<Omit<DetailedHTMLProps<ImgHTMLAttributes<HTMLImageElement>, HTMLImageElement>, "ref"> & { ...; }, "image" | ... 5 more ... | "src">): Element | null', gave the following error.
    Type 'RefObject<Element>' is not assignable to type '((instance: HTMLImageElement | null) => void) | RefObject<HTMLImageElement> | null | undefined'.
      Type 'RefObject<Element>' is not assignable to type 'RefObject<HTMLImageElement>'.
        Type 'Element' is missing the following properties from type 'HTMLImageElement': align, alt, border, complete, and 156 more.
  Overload 2 of 2, '(props: DefaultComponentProps<CardMediaTypeMap<{}, "div">>): Element | null', gave the following error.
    Type 'RefObject<Element>' is not assignable to type '((instance: HTMLDivElement | null) => void) | RefObject<HTMLDivElement> | null | undefined'.
      Type 'RefObject<Element>' is not assignable to type 'RefObject<HTMLDivElement>'.
        Type 'Element' is missing the following properties from type 'HTMLDivElement': align, accessKey, accessKeyLabel, autocapitalize, and 130 more.
src/shared/ui/ResponsiveTable.tsx(254,23): error TS2322: Type '{}' is not assignable to type 'string'.
src/shared/ui/ResponsiveTable.tsx(361,13): error TS2322: Type 'TableColumn<T>[]' is not assignable to type 'TableColumn<Record<string, unknown>>[]'.
  Type 'TableColumn<T>' is not assignable to type 'TableColumn<Record<string, unknown>>'.
    Types of property 'accessor' are incompatible.
      Type 'keyof T | ((row: T) => unknown)' is not assignable to type 'string | ((row: Record<string, unknown>) => unknown)'.
        Type 'keyof T' is not assignable to type 'string | ((row: Record<string, unknown>) => unknown)'.
          Type 'string | number | symbol' is not assignable to type 'string | ((row: Record<string, unknown>) => unknown)'.
            Type 'number' is not assignable to type 'string | ((row: Record<string, unknown>) => unknown)'.
src/shared/ui/ResponsiveTable.tsx(362,65): error TS2345: Argument of type 'Record<string, unknown>' is not assignable to parameter of type 'T'.
  'Record<string, unknown>' is assignable to the constraint of type 'T', but 'T' could be instantiated with a different subtype of constraint 'Record<string, unknown>'.
src/shared/ui/ResponsiveTable.tsx(363,13): error TS2322: Type '(row: T) => string' is not assignable to type '(row: Record<string, unknown>) => string'.
  Types of parameters 'row' and 'row' are incompatible.
    Type 'Record<string, unknown>' is not assignable to type 'T'.
      'Record<string, unknown>' is assignable to the constraint of type 'T', but 'T' could be instantiated with a different subtype of constraint 'Record<string, unknown>'.
src/shared/ui/ResponsiveTable.tsx(434,23): error TS2322: Type 'unknown' is not assignable to type 'ReactNode'.
src/shared/ui/ResponsiveTable.tsx(469,12): error TS2769: No overload matches this call.
  Overload 2 of 2, '(props: DefaultComponentProps<AvatarTypeMap<{}, "div">>): Element | null', gave the following error.
    Type 'unknown' is not assignable to type 'string | undefined'.
  Overload 2 of 2, '(props: DefaultComponentProps<AvatarTypeMap<{}, "div">>): Element | null', gave the following error.
    Type 'unknown' is not assignable to type 'string | undefined'.
src/shared/ui/ResponsiveTable.tsx(470,14): error TS18046: 'row.name' is of type 'unknown'.
src/shared/ui/ResponsiveTable.tsx(474,15): error TS2769: No overload matches this call.
  Overload 1 of 2, '(props: { component: ElementType<any, keyof IntrinsicElements>; } & TypographyOwnProps & CommonProps & Omit<any, "className" | ... 112 more ... | "variantMapping">): Element | null', gave the following error.
    Type 'unknown' is not assignable to type 'ReactNode'.
  Overload 2 of 2, '(props: DefaultComponentProps<TypographyTypeMap<{}, "span">>): Element | null', gave the following error.
    Type 'unknown' is not assignable to type 'ReactNode'.
src/shared/ui/ResponsiveTable.tsx(477,15): error TS2769: No overload matches this call.
  Overload 1 of 2, '(props: { component: ElementType<any, keyof IntrinsicElements>; } & TypographyOwnProps & CommonProps & Omit<any, "className" | ... 112 more ... | "variantMapping">): Element | null', gave the following error.
    Type 'unknown' is not assignable to type 'ReactNode'.
  Overload 2 of 2, '(props: DefaultComponentProps<TypographyTypeMap<{}, "span">>): Element | null', gave the following error.
    Type 'unknown' is not assignable to type 'ReactNode'.
src/shared/ui/ResponsiveTable.tsx(488,15): error TS2769: No overload matches this call.
  Overload 1 of 2, '(props: { component: ElementType<any, keyof IntrinsicElements>; } & ChipOwnProps & CommonProps & Omit<any, "className" | ... 15 more ... | "skipFocusWhenDisabled">): Element | null', gave the following error.
    Type 'unknown' is not assignable to type 'ReactNode'.
  Overload 2 of 2, '(props: DefaultComponentProps<ChipTypeMap<{}, "div">>): Element | null', gave the following error.
    Type 'unknown' is not assignable to type 'ReactNode'.
src/shared/ui/ResponsiveTable.tsx(497,11): error TS2769: No overload matches this call.
  Overload 1 of 2, '(props: { component: ElementType<any, keyof IntrinsicElements>; } & ChipOwnProps & CommonProps & Omit<any, "className" | ... 15 more ... | "skipFocusWhenDisabled">): Element | null', gave the following error.
    Type 'unknown' is not assignable to type 'ReactNode'.
  Overload 2 of 2, '(props: DefaultComponentProps<ChipTypeMap<{}, "div">>): Element | null', gave the following error.
    Type 'unknown' is not assignable to type 'ReactNode'.
src/shared/ui/ResponsiveTable.tsx(508,30): error TS18046: 'value' is of type 'unknown'.
